INFO:08/03/2021 10:13:07 AM Logging started
INFO:08/03/2021 10:13:07 AM  * Running on http://0.0.0.0:5000/ (Press CTRL+C to quit)
INFO:08/03/2021 10:13:10 AM Stats set, motivation = 7, ability = 2
INFO:08/03/2021 10:14:26 AM Received data from app: {'goal_level': '0', 'sessions': '0', 'name': 'Martin', 'ability': '7'}
INFO:08/03/2021 10:14:26 AM Chosen policy = 8
INFO:08/03/2021 10:14:26 AM Set session duration to: 1
INFO:08/03/2021 10:14:26 AM Created subgoal, new goal level = 0
INFO:08/03/2021 10:14:27 AM Formatting action: behaviour = 1, goal_level = 0, performance = None, name = Jonathan, shot = None, hand = None, stat = None
INFO:08/03/2021 10:14:27 AM Displaying action Hello , welcome to today's session.
INFO:08/03/2021 10:14:31 AM Created subgoal, new goal level = 1
INFO:08/03/2021 10:14:31 AM 192.168.1.107 - - [03/Aug/2021 10:14:31] "[37mPOST /cue HTTP/1.1[0m" 200 -
INFO:08/03/2021 10:14:31 AM Received data from app: {'goal_level': 1, 'performance': 3}
INFO:08/03/2021 10:14:32 AM Formatting action: behaviour = 1, goal_level = 1, performance = None, name = Jonathan, shot = 1, hand = FH, stat = None
INFO:08/03/2021 10:14:33 AM Displaying action In this session we're going to , we're going to do some solo practice exercises together. The drills will all be based around you're forehand drive. 
INFO:08/03/2021 10:14:41 AM Session time limit NOT reached, current duration = 0, session limit = 1.
INFO:08/03/2021 10:14:41 AM Created subgoal, new goal level = 2
INFO:08/03/2021 10:14:42 AM 192.168.1.107 - - [03/Aug/2021 10:14:42] "[37mPOST /cue HTTP/1.1[0m" 200 -
INFO:08/03/2021 10:14:42 AM Received data from app: {'goal_level': '2', 'stat': 'racketPreparation', 'performance': '', 'shotType': 'drive', 'initialScore': 'null', 'hand': 'forehand'}
INFO:08/03/2021 10:14:43 AM Session time limit NOT reached, current duration = 0, session limit = 1.
INFO:08/03/2021 10:14:43 AM Formatting action: behaviour = 5, goal_level = 2, performance = None, name = Jonathan, shot = 1, hand = FH, stat = None
INFO:08/03/2021 10:14:44 AM Displaying action This seems to be the first time we've looked at your forehand drive together 
INFO:08/03/2021 10:14:49 AM Session time limit NOT reached, current duration = 0, session limit = 1.
INFO:08/03/2021 10:14:50 AM Formatting action: behaviour = 24, goal_level = 2, performance = None, name = Jonathan, shot = 1, hand = FH, stat = None
INFO:08/03/2021 10:14:50 AM Displaying action I don't believe we've worked on your forehand drive before 
INFO:08/03/2021 10:14:58 AM Session time limit NOT reached, current duration = 0, session limit = 1.
INFO:08/03/2021 10:14:58 AM Created subgoal, new goal level = 6
INFO:08/03/2021 10:14:58 AM 192.168.1.107 - - [03/Aug/2021 10:14:58] "[37mPOST /cue HTTP/1.1[0m" 200 -
INFO:08/03/2021 10:14:59 AM Formatting action: behaviour = 1, goal_level = 6, performance = None, name = Jonathan, shot = 1, hand = FH, stat = None
INFO:08/03/2021 10:14:59 AM Displaying action To get going, please hit 30 forehand drives. I'll watch and let you know when to stop
INFO:08/03/2021 10:15:06 AM Session time limit NOT reached, current duration = 0, session limit = 1.
INFO:08/03/2021 10:15:07 AM Session time limit NOT reached, current duration = 0, session limit = 1.
INFO:08/03/2021 10:15:08 AM Session time limit NOT reached, current duration = 0, session limit = 1.
INFO:08/03/2021 10:15:09 AM Session time limit NOT reached, current duration = 0, session limit = 1.
INFO:08/03/2021 10:15:10 AM Session time limit NOT reached, current duration = 0, session limit = 1.
INFO:08/03/2021 10:15:11 AM Session time limit NOT reached, current duration = 0, session limit = 1.
INFO:08/03/2021 10:15:12 AM Received data from app: {'goal_level': '5', 'score': '0.007948272', 'performance': 'Very Low'}
INFO:08/03/2021 10:15:12 AM 192.168.1.107 - - [03/Aug/2021 10:15:12] "[37mPOST /cue HTTP/1.1[0m" 200 -
INFO:08/03/2021 10:15:12 AM Session time limit NOT reached, current duration = 0, session limit = 1.
INFO:08/03/2021 10:15:13 AM Session time limit NOT reached, current duration = 0, session limit = 1.
INFO:08/03/2021 10:15:13 AM Received data from app: {'goal_level': '5', 'score': '0.17790136', 'performance': 'Very Low'}
INFO:08/03/2021 10:15:13 AM 192.168.1.107 - - [03/Aug/2021 10:15:13] "[37mPOST /cue HTTP/1.1[0m" 200 -
INFO:08/03/2021 10:15:14 AM Session time limit NOT reached, current duration = 0, session limit = 1.
INFO:08/03/2021 10:15:14 AM Received data from app: {'goal_level': '5', 'score': '0.30042568', 'performance': 'Very Low'}
INFO:08/03/2021 10:15:14 AM 192.168.1.107 - - [03/Aug/2021 10:15:14] "[37mPOST /cue HTTP/1.1[0m" 200 -
INFO:08/03/2021 10:15:15 AM Session time limit NOT reached, current duration = 0, session limit = 1.
INFO:08/03/2021 10:15:16 AM Session time limit NOT reached, current duration = 0, session limit = 1.
INFO:08/03/2021 10:15:16 AM Received data from app: {'goal_level': '5', 'score': '0.35575923', 'performance': 'Very Low'}
INFO:08/03/2021 10:15:16 AM 192.168.1.107 - - [03/Aug/2021 10:15:16] "[37mPOST /cue HTTP/1.1[0m" 200 -
INFO:08/03/2021 10:15:17 AM Session time limit NOT reached, current duration = 0, session limit = 1.
INFO:08/03/2021 10:15:17 AM Received data from app: {'goal_level': '5', 'score': '0.09885341', 'performance': 'Very Low'}
INFO:08/03/2021 10:15:17 AM 192.168.1.107 - - [03/Aug/2021 10:15:17] "[37mPOST /cue HTTP/1.1[0m" 200 -
INFO:08/03/2021 10:15:18 AM Session time limit NOT reached, current duration = 0, session limit = 1.
INFO:08/03/2021 10:15:19 AM Received data from app: {'goal_level': '5', 'score': '0.14628218', 'performance': 'Very Low'}
INFO:08/03/2021 10:15:19 AM 192.168.1.107 - - [03/Aug/2021 10:15:19] "[37mPOST /cue HTTP/1.1[0m" 200 -
INFO:08/03/2021 10:15:19 AM Session time limit NOT reached, current duration = 0, session limit = 1.
INFO:08/03/2021 10:15:20 AM Received data from app: {'goal_level': '5', 'score': '0.09094862', 'performance': 'Very Low'}
INFO:08/03/2021 10:15:20 AM 192.168.1.107 - - [03/Aug/2021 10:15:20] "[37mPOST /cue HTTP/1.1[0m" 200 -
INFO:08/03/2021 10:15:20 AM Session time limit NOT reached, current duration = 0, session limit = 1.
INFO:08/03/2021 10:15:21 AM Session time limit NOT reached, current duration = 0, session limit = 1.
INFO:08/03/2021 10:15:21 AM Received data from app: {'goal_level': '5', 'score': '0.0', 'performance': 'Very Low'}
INFO:08/03/2021 10:15:21 AM 192.168.1.107 - - [03/Aug/2021 10:15:21] "[37mPOST /cue HTTP/1.1[0m" 200 -
INFO:08/03/2021 10:15:22 AM Session time limit NOT reached, current duration = 0, session limit = 1.
INFO:08/03/2021 10:15:22 AM Received data from app: {'goal_level': '5', 'score': '0.0', 'performance': 'Very Low'}
INFO:08/03/2021 10:15:22 AM 192.168.1.107 - - [03/Aug/2021 10:15:22] "[37mPOST /cue HTTP/1.1[0m" 200 -
INFO:08/03/2021 10:15:23 AM Session time limit NOT reached, current duration = 0, session limit = 1.
INFO:08/03/2021 10:15:23 AM Received data from app: {'goal_level': '5', 'score': '0.1107106', 'performance': 'Very Low'}
INFO:08/03/2021 10:15:23 AM 192.168.1.107 - - [03/Aug/2021 10:15:23] "[37mPOST /cue HTTP/1.1[0m" 200 -
INFO:08/03/2021 10:15:24 AM Session time limit NOT reached, current duration = 0, session limit = 1.
INFO:08/03/2021 10:15:25 AM Received data from app: {'goal_level': '5', 'score': '0.003995874', 'performance': 'Very Low'}
INFO:08/03/2021 10:15:25 AM 192.168.1.107 - - [03/Aug/2021 10:15:25] "[37mPOST /cue HTTP/1.1[0m" 200 -
INFO:08/03/2021 10:15:25 AM Session time limit NOT reached, current duration = 0, session limit = 1.
INFO:08/03/2021 10:15:26 AM Received data from app: {'goal_level': '5', 'score': '0.011900669', 'performance': 'Very Low'}
INFO:08/03/2021 10:15:26 AM 192.168.1.107 - - [03/Aug/2021 10:15:26] "[37mPOST /cue HTTP/1.1[0m" 200 -
INFO:08/03/2021 10:15:26 AM Session time limit NOT reached, current duration = 0, session limit = 1.
INFO:08/03/2021 10:15:27 AM Received data from app: {'goal_level': '5', 'score': '0.0', 'performance': 'Very Low'}
INFO:08/03/2021 10:15:27 AM 192.168.1.107 - - [03/Aug/2021 10:15:27] "[37mPOST /cue HTTP/1.1[0m" 200 -
INFO:08/03/2021 10:15:27 AM Session time limit NOT reached, current duration = 0, session limit = 1.
INFO:08/03/2021 10:15:28 AM Received data from app: {'goal_level': '5', 'score': '0.07909142', 'performance': 'Very Low'}
INFO:08/03/2021 10:15:28 AM 192.168.1.107 - - [03/Aug/2021 10:15:28] "[37mPOST /cue HTTP/1.1[0m" 200 -
INFO:08/03/2021 10:15:28 AM Session time limit NOT reached, current duration = 0, session limit = 1.
INFO:08/03/2021 10:15:30 AM Session time limit NOT reached, current duration = 0, session limit = 1.
INFO:08/03/2021 10:15:30 AM Received data from app: {'goal_level': '5', 'score': '0.42294997', 'performance': 'Very Low'}
INFO:08/03/2021 10:15:30 AM 192.168.1.107 - - [03/Aug/2021 10:15:30] "[37mPOST /cue HTTP/1.1[0m" 200 -
INFO:08/03/2021 10:15:31 AM Session time limit NOT reached, current duration = 0, session limit = 1.
INFO:08/03/2021 10:15:31 AM Received data from app: {'goal_level': '5', 'score': '0.47828352', 'performance': 'Low'}
INFO:08/03/2021 10:15:31 AM 192.168.1.107 - - [03/Aug/2021 10:15:31] "[37mPOST /cue HTTP/1.1[0m" 200 -
INFO:08/03/2021 10:15:32 AM Session time limit NOT reached, current duration = 0, session limit = 1.
INFO:08/03/2021 10:15:33 AM Received data from app: {'goal_level': '5', 'score': '0.24113971', 'performance': 'Very Low'}
INFO:08/03/2021 10:15:33 AM 192.168.1.107 - - [03/Aug/2021 10:15:33] "[37mPOST /cue HTTP/1.1[0m" 200 -
INFO:08/03/2021 10:15:33 AM Session time limit NOT reached, current duration = 0, session limit = 1.
INFO:08/03/2021 10:15:34 AM Session time limit NOT reached, current duration = 0, session limit = 1.
INFO:08/03/2021 10:15:34 AM Received data from app: {'goal_level': '5', 'score': '0.1225678', 'performance': 'Very Low'}
INFO:08/03/2021 10:15:34 AM 192.168.1.107 - - [03/Aug/2021 10:15:34] "[37mPOST /cue HTTP/1.1[0m" 200 -
INFO:08/03/2021 10:15:35 AM Session time limit NOT reached, current duration = 0, session limit = 1.
INFO:08/03/2021 10:15:36 AM Session time limit NOT reached, current duration = 0, session limit = 1.
INFO:08/03/2021 10:15:37 AM Session time limit NOT reached, current duration = 0, session limit = 1.
INFO:08/03/2021 10:15:38 AM Session time limit NOT reached, current duration = 0, session limit = 1.
INFO:08/03/2021 10:15:38 AM Received data from app: {'goal_level': '5', 'score': '0.059329443', 'performance': 'Very Low'}
INFO:08/03/2021 10:15:38 AM 192.168.1.107 - - [03/Aug/2021 10:15:38] "[37mPOST /cue HTTP/1.1[0m" 200 -
INFO:08/03/2021 10:15:39 AM Session time limit NOT reached, current duration = 0, session limit = 1.
INFO:08/03/2021 10:15:39 AM Received data from app: {'goal_level': '5', 'score': '0.0', 'performance': 'Very Low'}
INFO:08/03/2021 10:15:39 AM 192.168.1.107 - - [03/Aug/2021 10:15:39] "[37mPOST /cue HTTP/1.1[0m" 200 -
INFO:08/03/2021 10:15:40 AM Session time limit NOT reached, current duration = 0, session limit = 1.
INFO:08/03/2021 10:15:41 AM Received data from app: {'goal_level': '5', 'score': '0.0', 'performance': 'Very Low'}
INFO:08/03/2021 10:15:41 AM 192.168.1.107 - - [03/Aug/2021 10:15:41] "[37mPOST /cue HTTP/1.1[0m" 200 -
INFO:08/03/2021 10:15:41 AM Session time limit NOT reached, current duration = 0, session limit = 1.
INFO:08/03/2021 10:15:42 AM Session time limit NOT reached, current duration = 0, session limit = 1.
INFO:08/03/2021 10:15:42 AM Received data from app: {'goal_level': '5', 'score': '0.21742533', 'performance': 'Very Low'}
INFO:08/03/2021 10:15:42 AM 192.168.1.107 - - [03/Aug/2021 10:15:42] "[37mPOST /cue HTTP/1.1[0m" 200 -
INFO:08/03/2021 10:15:43 AM Session time limit NOT reached, current duration = 0, session limit = 1.
INFO:08/03/2021 10:15:44 AM Received data from app: {'goal_level': '5', 'score': '0.54152197', 'performance': 'Low'}
INFO:08/03/2021 10:15:44 AM 192.168.1.107 - - [03/Aug/2021 10:15:44] "[37mPOST /cue HTTP/1.1[0m" 200 -
INFO:08/03/2021 10:15:44 AM Session time limit NOT reached, current duration = 0, session limit = 1.
INFO:08/03/2021 10:15:45 AM Session time limit NOT reached, current duration = 0, session limit = 1.
INFO:08/03/2021 10:15:46 AM Received data from app: {'goal_level': '5', 'score': '0.4189976', 'performance': 'Very Low'}
INFO:08/03/2021 10:15:46 AM 192.168.1.107 - - [03/Aug/2021 10:15:46] "[37mPOST /cue HTTP/1.1[0m" 200 -
INFO:08/03/2021 10:15:46 AM Session time limit NOT reached, current duration = 0, session limit = 1.
INFO:08/03/2021 10:15:47 AM Received data from app: {'goal_level': '5', 'score': '0.18580616', 'performance': 'Very Low'}
INFO:08/03/2021 10:15:47 AM 192.168.1.107 - - [03/Aug/2021 10:15:47] "[37mPOST /cue HTTP/1.1[0m" 200 -
INFO:08/03/2021 10:15:47 AM Session time limit NOT reached, current duration = 0, session limit = 1.
INFO:08/03/2021 10:15:48 AM Session time limit NOT reached, current duration = 0, session limit = 1.
INFO:08/03/2021 10:15:48 AM Received data from app: {'goal_level': '5', 'score': '0.22137773', 'performance': 'Very Low'}
INFO:08/03/2021 10:15:48 AM 192.168.1.107 - - [03/Aug/2021 10:15:48] "[37mPOST /cue HTTP/1.1[0m" 200 -
INFO:08/03/2021 10:15:49 AM Session time limit NOT reached, current duration = 0, session limit = 1.
INFO:08/03/2021 10:15:50 AM Received data from app: {'goal_level': '5', 'score': '0.19766334', 'performance': 'Very Low'}
INFO:08/03/2021 10:15:50 AM 192.168.1.107 - - [03/Aug/2021 10:15:50] "[37mPOST /cue HTTP/1.1[0m" 200 -
INFO:08/03/2021 10:15:50 AM Session time limit NOT reached, current duration = 0, session limit = 1.
INFO:08/03/2021 10:15:51 AM Received data from app: {'goal_level': '5', 'score': '0.0', 'performance': 'Very Low'}
INFO:08/03/2021 10:15:51 AM 192.168.1.107 - - [03/Aug/2021 10:15:51] "[37mPOST /cue HTTP/1.1[0m" 200 -
INFO:08/03/2021 10:15:51 AM Session time limit NOT reached, current duration = 0, session limit = 1.
INFO:08/03/2021 10:15:52 AM Received data from app: {'goal_level': '5', 'score': '0.09094862', 'performance': 'Very Low'}
INFO:08/03/2021 10:15:52 AM 192.168.1.107 - - [03/Aug/2021 10:15:52] "[37mPOST /cue HTTP/1.1[0m" 200 -
INFO:08/03/2021 10:15:52 AM Session time limit NOT reached, current duration = 0, session limit = 1.
INFO:08/03/2021 10:15:54 AM Session time limit NOT reached, current duration = 0, session limit = 1.
INFO:08/03/2021 10:15:54 AM Received data from app: {'goal_level': '5', 'score': '1.0', 'performance': 'Over'}
INFO:08/03/2021 10:15:54 AM 192.168.1.107 - - [03/Aug/2021 10:15:54] "[37mPOST /cue HTTP/1.1[0m" 200 -
INFO:08/03/2021 10:15:54 AM Received data from app: {'goal_level': '3', 'stat': 'Racket prep', 'performance': 'STEADY', 'tgtValue': '0.25'}
INFO:08/03/2021 10:15:55 AM Session time limit NOT reached, current duration = 0, session limit = 1.
INFO:08/03/2021 10:15:57 AM Shot set completed.
INFO:08/03/2021 10:15:57 AM Ended subgoal 6. New goal level = 3.
INFO:08/03/2021 10:15:57 AM Created subgoal, new goal level = 3
INFO:08/03/2021 10:15:57 AM 192.168.1.107 - - [03/Aug/2021 10:15:57] "[37mPOST /cue HTTP/1.1[0m" 200 -
INFO:08/03/2021 10:15:57 AM Received data from app: {'goal_level': '4'}
INFO:08/03/2021 10:15:58 AM Formatting action: behaviour = 24, goal_level = 3, performance = None, name = Jonathan, shot = None, hand = None, stat = racketPreparation
INFO:08/03/2021 10:15:58 AM Displaying action This seems to be the first time we've looked at your racket preparation together 
INFO:08/03/2021 10:16:01 AM Session time limit NOT reached, current duration = 0, session limit = 1.
INFO:08/03/2021 10:16:02 AM Formatting action: behaviour = 5, goal_level = 3, performance = None, name = Jonathan, shot = None, hand = None, stat = racketPreparation
INFO:08/03/2021 10:16:03 AM Displaying action I think this is the first time we've worked on your racket preparation together 
INFO:08/03/2021 10:16:08 AM Session time limit NOT reached, current duration = 0, session limit = 1.
INFO:08/03/2021 10:16:09 AM Formatting action: behaviour = 4, goal_level = 3, performance = None, name = Jonathan, shot = None, hand = None, stat = racketPreparation
INFO:08/03/2021 10:16:09 AM Displaying action I don't believe we've worked on your racket preparation before 
INFO:08/03/2021 10:16:14 AM Session time limit NOT reached, current duration = 0, session limit = 1.
INFO:08/03/2021 10:16:15 AM Formatting action: behaviour = 1, goal_level = 3, performance = None, name = Jonathan, shot = None, hand = None, stat = racketPreparation
INFO:08/03/2021 10:16:16 AM Displaying action In this session we're going to , we're going to start looking at your racket preparation. 
INFO:08/03/2021 10:16:20 AM Created subgoal, new goal level = 4
INFO:08/03/2021 10:16:20 AM 192.168.1.107 - - [03/Aug/2021 10:16:20] "[37mPOST /cue HTTP/1.1[0m" 200 -
INFO:08/03/2021 10:16:21 AM Formatting action: behaviour = 17, goal_level = 4, performance = None, name = Jonathan, shot = 1, hand = FH, stat = racketPreparation
INFO:08/03/2021 10:16:21 AM Displaying action In this next set, I want you to really lift your racket high and early. Go for another set of 30 forehand drives and see how you get on. I'll let you know when to stop.
INFO:08/03/2021 10:16:22 AM Created subgoal, new goal level = 5
INFO:08/03/2021 10:16:23 AM Session time limit NOT reached, current duration = 0, session limit = 1.
INFO:08/03/2021 10:16:24 AM Session time limit NOT reached, current duration = 0, session limit = 1.
INFO:08/03/2021 10:16:25 AM Session time limit NOT reached, current duration = 0, session limit = 1.
INFO:08/03/2021 10:16:26 AM Session time limit NOT reached, current duration = 0, session limit = 1.
INFO:08/03/2021 10:16:27 AM Session time limit NOT reached, current duration = 0, session limit = 1.
INFO:08/03/2021 10:16:29 AM Session time limit NOT reached, current duration = 0, session limit = 1.
INFO:08/03/2021 10:16:30 AM Session time limit NOT reached, current duration = 0, session limit = 1.
INFO:08/03/2021 10:16:31 AM Session time limit NOT reached, current duration = 0, session limit = 1.
INFO:08/03/2021 10:16:32 AM Session time limit NOT reached, current duration = 0, session limit = 1.
INFO:08/03/2021 10:16:33 AM Session time limit NOT reached, current duration = 0, session limit = 1.
INFO:08/03/2021 10:16:34 AM Session time limit NOT reached, current duration = 0, session limit = 1.
INFO:08/03/2021 10:16:35 AM Received data from app: {'goal_level': '5', 'score': '0.16209178', 'performance': 'Very Low'}
INFO:08/03/2021 10:16:35 AM 192.168.1.107 - - [03/Aug/2021 10:16:35] "[37mPOST /cue HTTP/1.1[0m" 200 -
INFO:08/03/2021 10:16:35 AM Session time limit NOT reached, current duration = 0, session limit = 1.
INFO:08/03/2021 10:16:35 AM Formatting action: behaviour = 3, goal_level = 5, performance = None, name = Jonathan, shot = 1, hand = FH, stat = racketPreparation
INFO:08/03/2021 10:16:36 AM Displaying action Your racket's not high enough 
INFO:08/03/2021 10:16:37 AM Ended subgoal 5. New goal level = 4.
INFO:08/03/2021 10:16:39 AM Session time limit NOT reached, current duration = 0, session limit = 1.
INFO:08/03/2021 10:16:39 AM Created subgoal, new goal level = 5
INFO:08/03/2021 10:16:40 AM Session time limit NOT reached, current duration = 0, session limit = 1.
INFO:08/03/2021 10:16:41 AM Session time limit NOT reached, current duration = 0, session limit = 1.
INFO:08/03/2021 10:16:41 AM Received data from app: {'goal_level': '5', 'score': '0.8221421', 'performance': 'Good!'}
INFO:08/03/2021 10:16:41 AM 192.168.1.107 - - [03/Aug/2021 10:16:41] "[37mPOST /cue HTTP/1.1[0m" 200 -
INFO:08/03/2021 10:16:42 AM Session time limit NOT reached, current duration = 0, session limit = 1.
INFO:08/03/2021 10:16:42 AM Formatting action: behaviour = 68, goal_level = 5, performance = None, name = Jonathan, shot = 1, hand = FH, stat = racketPreparation
INFO:08/03/2021 10:16:42 AM Ended subgoal 5. New goal level = 4.
INFO:08/03/2021 10:16:42 AM Received data from app: {'goal_level': '5', 'score': '0.20556813', 'performance': 'Very Low'}
INFO:08/03/2021 10:16:42 AM 192.168.1.107 - - [03/Aug/2021 10:16:42] "[37mPOST /cue HTTP/1.1[0m" 200 -
INFO:08/03/2021 10:16:43 AM Session time limit NOT reached, current duration = 0, session limit = 1.
INFO:08/03/2021 10:16:43 AM Created subgoal, new goal level = 5
INFO:08/03/2021 10:16:44 AM Formatting action: behaviour = 68, goal_level = 5, performance = None, name = Jonathan, shot = 1, hand = FH, stat = racketPreparation
INFO:08/03/2021 10:16:44 AM Ended subgoal 5. New goal level = 4.
INFO:08/03/2021 10:16:45 AM Session time limit NOT reached, current duration = 0, session limit = 1.
INFO:08/03/2021 10:16:45 AM Created subgoal, new goal level = 5
INFO:08/03/2021 10:16:45 AM Received data from app: {'goal_level': '5', 'score': '1.0', 'performance': 'Over'}
INFO:08/03/2021 10:16:45 AM 192.168.1.107 - - [03/Aug/2021 10:16:45] "[37mPOST /cue HTTP/1.1[0m" 200 -
INFO:08/03/2021 10:16:46 AM Session time limit NOT reached, current duration = 0, session limit = 1.
INFO:08/03/2021 10:16:46 AM Formatting action: behaviour = 3, goal_level = 5, performance = None, name = Jonathan, shot = 1, hand = FH, stat = racketPreparation
INFO:08/03/2021 10:16:47 AM Displaying action Don't let the racket drop 
INFO:08/03/2021 10:16:47 AM Received data from app: {'goal_level': '5', 'score': '0.007948272', 'performance': 'Very Low'}
INFO:08/03/2021 10:16:47 AM 192.168.1.107 - - [03/Aug/2021 10:16:47] "[37mPOST /cue HTTP/1.1[0m" 200 -
INFO:08/03/2021 10:16:48 AM Ended subgoal 5. New goal level = 4.
INFO:08/03/2021 10:16:49 AM Received data from app: {'goal_level': '5', 'score': '0.7430942', 'performance': 'Good!'}
INFO:08/03/2021 10:16:49 AM 192.168.1.107 - - [03/Aug/2021 10:16:49] "[37mPOST /cue HTTP/1.1[0m" 200 -
INFO:08/03/2021 10:16:49 AM Session time limit NOT reached, current duration = 0, session limit = 1.
INFO:08/03/2021 10:16:49 AM Created subgoal, new goal level = 5
INFO:08/03/2021 10:16:50 AM Formatting action: behaviour = 68, goal_level = 5, performance = None, name = Jonathan, shot = 1, hand = FH, stat = racketPreparation
INFO:08/03/2021 10:16:50 AM Ended subgoal 5. New goal level = 4.
INFO:08/03/2021 10:16:51 AM Received data from app: {'goal_level': '5', 'score': '0.1107106', 'performance': 'Very Low'}
INFO:08/03/2021 10:16:51 AM 192.168.1.107 - - [03/Aug/2021 10:16:51] "[37mPOST /cue HTTP/1.1[0m" 200 -
INFO:08/03/2021 10:16:51 AM Session time limit NOT reached, current duration = 0, session limit = 1.
INFO:08/03/2021 10:16:51 AM Created subgoal, new goal level = 5
INFO:08/03/2021 10:16:51 AM Received data from app: {'goal_level': '5', 'score': '0.70357025', 'performance': 'Under'}
INFO:08/03/2021 10:16:51 AM 192.168.1.107 - - [03/Aug/2021 10:16:51] "[37mPOST /cue HTTP/1.1[0m" 200 -
INFO:08/03/2021 10:16:51 AM Formatting action: behaviour = 68, goal_level = 5, performance = None, name = Jonathan, shot = 1, hand = FH, stat = racketPreparation
INFO:08/03/2021 10:16:51 AM Ended subgoal 5. New goal level = 4.
INFO:08/03/2021 10:16:52 AM Session time limit NOT reached, current duration = 0, session limit = 1.
INFO:08/03/2021 10:16:52 AM Created subgoal, new goal level = 5
INFO:08/03/2021 10:16:53 AM Formatting action: behaviour = 68, goal_level = 5, performance = None, name = Jonathan, shot = 1, hand = FH, stat = racketPreparation
INFO:08/03/2021 10:16:53 AM Ended subgoal 5. New goal level = 4.
INFO:08/03/2021 10:16:53 AM Received data from app: {'goal_level': '5', 'score': '0.015853066', 'performance': 'Very Low'}
INFO:08/03/2021 10:16:53 AM 192.168.1.107 - - [03/Aug/2021 10:16:53] "[37mPOST /cue HTTP/1.1[0m" 200 -
INFO:08/03/2021 10:16:54 AM Session time limit NOT reached, current duration = 0, session limit = 1.
INFO:08/03/2021 10:16:54 AM Created subgoal, new goal level = 5
INFO:08/03/2021 10:16:55 AM Received data from app: {'goal_level': '5', 'score': '0.0', 'performance': 'Very Low'}
INFO:08/03/2021 10:16:55 AM 192.168.1.107 - - [03/Aug/2021 10:16:55] "[37mPOST /cue HTTP/1.1[0m" 200 -
INFO:08/03/2021 10:16:55 AM Formatting action: behaviour = 3, goal_level = 5, performance = None, name = Jonathan, shot = 1, hand = FH, stat = racketPreparation
INFO:08/03/2021 10:16:55 AM Displaying action Your racket's not high enough 
INFO:08/03/2021 10:16:56 AM Received data from app: {'goal_level': '5', 'score': '0.45852154', 'performance': 'Low'}
INFO:08/03/2021 10:16:56 AM 192.168.1.107 - - [03/Aug/2021 10:16:56] "[37mPOST /cue HTTP/1.1[0m" 200 -
INFO:08/03/2021 10:16:57 AM Ended subgoal 5. New goal level = 4.
INFO:08/03/2021 10:16:58 AM Session time limit NOT reached, current duration = 0, session limit = 1.
INFO:08/03/2021 10:16:58 AM Created subgoal, new goal level = 5
INFO:08/03/2021 10:16:58 AM Received data from app: {'goal_level': '5', 'score': '0.403188', 'performance': 'Very Low'}
INFO:08/03/2021 10:16:58 AM 192.168.1.107 - - [03/Aug/2021 10:16:58] "[37mPOST /cue HTTP/1.1[0m" 200 -
INFO:08/03/2021 10:16:58 AM Formatting action: behaviour = 3, goal_level = 5, performance = None, name = Jonathan, shot = 1, hand = FH, stat = racketPreparation
INFO:08/03/2021 10:16:59 AM Displaying action Don't start the swing too low 
INFO:08/03/2021 10:17:00 AM Received data from app: {'goal_level': '5', 'score': '0.055377044', 'performance': 'Very Low'}
INFO:08/03/2021 10:17:00 AM 192.168.1.107 - - [03/Aug/2021 10:17:00] "[37mPOST /cue HTTP/1.1[0m" 200 -
INFO:08/03/2021 10:17:00 AM Ended subgoal 5. New goal level = 4.
INFO:08/03/2021 10:17:01 AM Received data from app: {'goal_level': '5', 'score': '0.0', 'performance': 'Very Low'}
INFO:08/03/2021 10:17:01 AM 192.168.1.107 - - [03/Aug/2021 10:17:01] "[37mPOST /cue HTTP/1.1[0m" 200 -
INFO:08/03/2021 10:17:02 AM Session time limit NOT reached, current duration = 0, session limit = 1.
INFO:08/03/2021 10:17:02 AM Created subgoal, new goal level = 5
INFO:08/03/2021 10:17:02 AM Formatting action: behaviour = 68, goal_level = 5, performance = None, name = Jonathan, shot = 1, hand = FH, stat = racketPreparation
INFO:08/03/2021 10:17:02 AM Ended subgoal 5. New goal level = 4.
INFO:08/03/2021 10:17:03 AM Session time limit NOT reached, current duration = 0, session limit = 1.
INFO:08/03/2021 10:17:03 AM Created subgoal, new goal level = 5
INFO:08/03/2021 10:17:04 AM Session time limit NOT reached, current duration = 0, session limit = 1.
INFO:08/03/2021 10:17:05 AM Session time limit NOT reached, current duration = 0, session limit = 1.
INFO:08/03/2021 10:17:06 AM Session time limit NOT reached, current duration = 0, session limit = 1.
INFO:08/03/2021 10:17:07 AM Received data from app: {'goal_level': '5', 'score': '0.1225678', 'performance': 'Very Low'}
INFO:08/03/2021 10:17:07 AM 192.168.1.107 - - [03/Aug/2021 10:17:07] "[37mPOST /cue HTTP/1.1[0m" 200 -
INFO:08/03/2021 10:17:07 AM Session time limit NOT reached, current duration = 0, session limit = 1.
INFO:08/03/2021 10:17:08 AM Formatting action: behaviour = 3, goal_level = 5, performance = None, name = Jonathan, shot = 1, hand = FH, stat = racketPreparation
INFO:08/03/2021 10:17:08 AM Displaying action Don't let the racket drop 
INFO:08/03/2021 10:17:08 AM Received data from app: {'goal_level': '5', 'score': '0.21742533', 'performance': 'Very Low'}
INFO:08/03/2021 10:17:08 AM 192.168.1.107 - - [03/Aug/2021 10:17:08] "[37mPOST /cue HTTP/1.1[0m" 200 -
INFO:08/03/2021 10:17:10 AM Ended subgoal 5. New goal level = 4.
INFO:08/03/2021 10:17:10 AM Received data from app: {'goal_level': '5', 'score': '0.28066367', 'performance': 'Very Low'}
INFO:08/03/2021 10:17:10 AM 192.168.1.107 - - [03/Aug/2021 10:17:10] "[37mPOST /cue HTTP/1.1[0m" 200 -
INFO:08/03/2021 10:17:11 AM Session time limit NOT reached, current duration = 0, session limit = 1.
INFO:08/03/2021 10:17:11 AM Created subgoal, new goal level = 5
INFO:08/03/2021 10:17:11 AM Formatting action: behaviour = 3, goal_level = 5, performance = None, name = Jonathan, shot = 1, hand = FH, stat = racketPreparation
INFO:08/03/2021 10:17:12 AM Displaying action Don't start the swing below the ball 
INFO:08/03/2021 10:17:13 AM Received data from app: {'goal_level': '5', 'score': '0.15418698', 'performance': 'Very Low'}
INFO:08/03/2021 10:17:13 AM 192.168.1.107 - - [03/Aug/2021 10:17:13] "[37mPOST /cue HTTP/1.1[0m" 200 -
INFO:08/03/2021 10:17:13 AM Received data from app: {'goal_level': '5', 'score': '0.750999', 'performance': 'Good!'}
INFO:08/03/2021 10:17:13 AM 192.168.1.107 - - [03/Aug/2021 10:17:13] "[37mPOST /cue HTTP/1.1[0m" 200 -
INFO:08/03/2021 10:17:14 AM Ended subgoal 5. New goal level = 4.
INFO:08/03/2021 10:17:15 AM Session time limit NOT reached, current duration = 0, session limit = 1.
INFO:08/03/2021 10:17:15 AM Created subgoal, new goal level = 5
INFO:08/03/2021 10:17:15 AM Formatting action: behaviour = 68, goal_level = 5, performance = None, name = Jonathan, shot = 1, hand = FH, stat = racketPreparation
INFO:08/03/2021 10:17:15 AM Ended subgoal 5. New goal level = 4.
INFO:08/03/2021 10:17:16 AM Session time limit NOT reached, current duration = 0, session limit = 1.
INFO:08/03/2021 10:17:16 AM Created subgoal, new goal level = 5
INFO:08/03/2021 10:17:17 AM Session time limit NOT reached, current duration = 0, session limit = 1.
INFO:08/03/2021 10:17:18 AM Received data from app: {'goal_level': '5', 'score': '0.17394896', 'performance': 'Very Low'}
INFO:08/03/2021 10:17:18 AM 192.168.1.107 - - [03/Aug/2021 10:17:18] "[37mPOST /cue HTTP/1.1[0m" 200 -
INFO:08/03/2021 10:17:18 AM Session time limit NOT reached, current duration = 0, session limit = 1.
INFO:08/03/2021 10:17:19 AM Formatting action: behaviour = 68, goal_level = 5, performance = None, name = Jonathan, shot = 1, hand = FH, stat = racketPreparation
INFO:08/03/2021 10:17:19 AM Ended subgoal 5. New goal level = 4.
INFO:08/03/2021 10:17:20 AM Received data from app: {'goal_level': '5', 'score': '0.62452227', 'performance': 'Low'}
INFO:08/03/2021 10:17:20 AM 192.168.1.107 - - [03/Aug/2021 10:17:20] "[37mPOST /cue HTTP/1.1[0m" 200 -
INFO:08/03/2021 10:17:20 AM Session time limit NOT reached, current duration = 0, session limit = 1.
INFO:08/03/2021 10:17:20 AM Created subgoal, new goal level = 5
INFO:08/03/2021 10:17:20 AM Formatting action: behaviour = 68, goal_level = 5, performance = None, name = Jonathan, shot = 1, hand = FH, stat = racketPreparation
INFO:08/03/2021 10:17:20 AM Ended subgoal 5. New goal level = 4.
INFO:08/03/2021 10:17:21 AM Received data from app: {'goal_level': '5', 'score': '0.011900669', 'performance': 'Very Low'}
INFO:08/03/2021 10:17:21 AM 192.168.1.107 - - [03/Aug/2021 10:17:21] "[37mPOST /cue HTTP/1.1[0m" 200 -
INFO:08/03/2021 10:17:22 AM Session time limit NOT reached, current duration = 0, session limit = 1.
INFO:08/03/2021 10:17:22 AM Created subgoal, new goal level = 5
INFO:08/03/2021 10:17:22 AM Formatting action: behaviour = 68, goal_level = 5, performance = None, name = Jonathan, shot = 1, hand = FH, stat = racketPreparation
INFO:08/03/2021 10:17:22 AM Ended subgoal 5. New goal level = 4.
INFO:08/03/2021 10:17:23 AM Received data from app: {'goal_level': '5', 'score': '0.1225678', 'performance': 'Very Low'}
INFO:08/03/2021 10:17:23 AM 192.168.1.107 - - [03/Aug/2021 10:17:23] "[37mPOST /cue HTTP/1.1[0m" 200 -
INFO:08/03/2021 10:17:23 AM Session time limit NOT reached, current duration = 0, session limit = 1.
INFO:08/03/2021 10:17:23 AM Created subgoal, new goal level = 5
INFO:08/03/2021 10:17:24 AM Formatting action: behaviour = 3, goal_level = 5, performance = None, name = Jonathan, shot = 1, hand = FH, stat = racketPreparation
INFO:08/03/2021 10:17:24 AM Displaying action Don't let the racket drop 
INFO:08/03/2021 10:17:24 AM Received data from app: {'goal_level': '5', 'score': '0.22928251', 'performance': 'Very Low'}
INFO:08/03/2021 10:17:24 AM 192.168.1.107 - - [03/Aug/2021 10:17:24] "[37mPOST /cue HTTP/1.1[0m" 200 -
INFO:08/03/2021 10:17:25 AM Ended subgoal 5. New goal level = 4.
INFO:08/03/2021 10:17:26 AM Received data from app: {'goal_level': '5', 'score': '0.2529969', 'performance': 'Very Low'}
INFO:08/03/2021 10:17:26 AM 192.168.1.107 - - [03/Aug/2021 10:17:26] "[37mPOST /cue HTTP/1.1[0m" 200 -
INFO:08/03/2021 10:17:26 AM Session time limit NOT reached, current duration = 0, session limit = 1.
INFO:08/03/2021 10:17:26 AM Created subgoal, new goal level = 5
INFO:08/03/2021 10:17:27 AM Formatting action: behaviour = 68, goal_level = 5, performance = None, name = Jonathan, shot = 1, hand = FH, stat = racketPreparation
INFO:08/03/2021 10:17:27 AM Ended subgoal 5. New goal level = 4.
INFO:08/03/2021 10:17:28 AM Received data from app: {'goal_level': '5', 'score': '0.29252088', 'performance': 'Very Low'}
INFO:08/03/2021 10:17:28 AM 192.168.1.107 - - [03/Aug/2021 10:17:28] "[37mPOST /cue HTTP/1.1[0m" 200 -
INFO:08/03/2021 10:17:28 AM Session time limit NOT reached, current duration = 0, session limit = 1.
INFO:08/03/2021 10:17:28 AM Created subgoal, new goal level = 5
INFO:08/03/2021 10:17:29 AM Formatting action: behaviour = 3, goal_level = 5, performance = None, name = Jonathan, shot = 1, hand = FH, stat = racketPreparation
INFO:08/03/2021 10:17:29 AM Displaying action Your racket's not high enough 
INFO:08/03/2021 10:17:31 AM Ended subgoal 5. New goal level = 4.
INFO:08/03/2021 10:17:32 AM Session time limit NOT reached, current duration = 0, session limit = 1.
INFO:08/03/2021 10:17:32 AM Created subgoal, new goal level = 5
INFO:08/03/2021 10:17:32 AM Received data from app: {'goal_level': '5', 'score': '0.94466645', 'performance': 'Over'}
INFO:08/03/2021 10:17:32 AM 192.168.1.107 - - [03/Aug/2021 10:17:32] "[37mPOST /cue HTTP/1.1[0m" 200 -
INFO:08/03/2021 10:17:32 AM Received data from app: {'goal_level': '5', 'score': '0.9486188', 'performance': 'Over'}
INFO:08/03/2021 10:17:32 AM 192.168.1.107 - - [03/Aug/2021 10:17:32] "[37mPOST /cue HTTP/1.1[0m" 200 -
INFO:08/03/2021 10:17:33 AM Session time limit NOT reached, current duration = 0, session limit = 1.
INFO:08/03/2021 10:17:33 AM Formatting action: behaviour = 3, goal_level = 5, performance = None, name = Jonathan, shot = 1, hand = FH, stat = racketPreparation
INFO:08/03/2021 10:17:34 AM Displaying action Don't start the swing below the ball 
INFO:08/03/2021 10:17:35 AM Received data from app: {'goal_level': '5', 'score': '0.059329443', 'performance': 'Very Low'}
INFO:08/03/2021 10:17:35 AM 192.168.1.107 - - [03/Aug/2021 10:17:35] "[37mPOST /cue HTTP/1.1[0m" 200 -
INFO:08/03/2021 10:17:36 AM Ended subgoal 5. New goal level = 4.
INFO:08/03/2021 10:17:36 AM Received data from app: {'goal_level': '5', 'score': '0.07118663', 'performance': 'Very Low'}
INFO:08/03/2021 10:17:36 AM 192.168.1.107 - - [03/Aug/2021 10:17:36] "[37mPOST /cue HTTP/1.1[0m" 200 -
INFO:08/03/2021 10:17:36 AM Received data from app: {'goal_level': '4', 'score': '17%', 'performance': '2', 'tgtValue': '84%'}
INFO:08/03/2021 10:17:37 AM Session time limit NOT reached, current duration = 0, session limit = 1.
INFO:08/03/2021 10:17:37 AM 192.168.1.107 - - [03/Aug/2021 10:17:37] "[37mPOST /cue HTTP/1.1[0m" 200 -
INFO:08/03/2021 10:17:37 AM Received data from app: {'goal_level': '4'}
INFO:08/03/2021 10:17:39 AM Shot set completed.
INFO:08/03/2021 10:17:39 AM 192.168.1.107 - - [03/Aug/2021 10:17:39] "[37mPOST /cue HTTP/1.1[0m" 200 -
INFO:08/03/2021 10:17:40 AM Received data from app: {'goal_level': '5', 'score': '0.7430942', 'performance': 'Good!'}
INFO:08/03/2021 10:17:40 AM Action goal not expected, not using data.
INFO:08/03/2021 10:17:40 AM 192.168.1.107 - - [03/Aug/2021 10:17:40] "[37mPOST /cue HTTP/1.1[0m" 200 -
INFO:08/03/2021 10:17:40 AM Formatting action: behaviour = 12, goal_level = 4, performance = None, name = Jonathan, shot = 1, hand = FH, stat = racketPreparation
INFO:08/03/2021 10:17:41 AM Displaying action Well done 
INFO:08/03/2021 10:17:42 AM Session time limit NOT reached, current duration = 0, session limit = 1.
INFO:08/03/2021 10:17:43 AM Ended subgoal 4. New goal level = 3.
INFO:08/03/2021 10:17:44 AM Session time limit NOT reached, current duration = 0, session limit = 1.
INFO:08/03/2021 10:17:44 AM Created subgoal, new goal level = 4
INFO:08/03/2021 10:17:45 AM Formatting action: behaviour = 17, goal_level = 4, performance = None, name = Jonathan, shot = 1, hand = FH, stat = racketPreparation
INFO:08/03/2021 10:17:45 AM Displaying action OK, clear your mind. Because I only want you to focus on one thing in this final set. I want you to start the swing with your racket above the ball. Play another 30 forehand drives please.
INFO:08/03/2021 10:17:46 AM Created subgoal, new goal level = 5
INFO:08/03/2021 10:17:47 AM Session time limit NOT reached, current duration = 0, session limit = 1.
INFO:08/03/2021 10:17:48 AM Session time limit NOT reached, current duration = 0, session limit = 1.
INFO:08/03/2021 10:17:49 AM Session time limit NOT reached, current duration = 0, session limit = 1.
INFO:08/03/2021 10:17:50 AM Session time limit NOT reached, current duration = 0, session limit = 1.
INFO:08/03/2021 10:17:51 AM Session time limit NOT reached, current duration = 0, session limit = 1.
INFO:08/03/2021 10:17:52 AM Session time limit NOT reached, current duration = 0, session limit = 1.
INFO:08/03/2021 10:17:53 AM Session time limit NOT reached, current duration = 0, session limit = 1.
INFO:08/03/2021 10:17:54 AM Session time limit NOT reached, current duration = 0, session limit = 1.
INFO:08/03/2021 10:17:55 AM Session time limit NOT reached, current duration = 0, session limit = 1.
INFO:08/03/2021 10:17:57 AM Session time limit NOT reached, current duration = 0, session limit = 1.
INFO:08/03/2021 10:17:58 AM Session time limit NOT reached, current duration = 0, session limit = 1.
INFO:08/03/2021 10:17:58 AM Received data from app: {'goal_level': '5', 'score': '0.96047604', 'performance': 'Over'}
INFO:08/03/2021 10:17:58 AM 192.168.1.107 - - [03/Aug/2021 10:17:58] "[37mPOST /cue HTTP/1.1[0m" 200 -
INFO:08/03/2021 10:17:59 AM Session time limit NOT reached, current duration = 0, session limit = 1.
INFO:08/03/2021 10:17:59 AM Formatting action: behaviour = 68, goal_level = 5, performance = None, name = Jonathan, shot = 1, hand = FH, stat = racketPreparation
INFO:08/03/2021 10:17:59 AM Ended subgoal 5. New goal level = 4.
INFO:08/03/2021 10:18:00 AM Received data from app: {'goal_level': '5', 'score': '0.5849983', 'performance': 'Low'}
INFO:08/03/2021 10:18:00 AM 192.168.1.107 - - [03/Aug/2021 10:18:00] "[37mPOST /cue HTTP/1.1[0m" 200 -
INFO:08/03/2021 10:18:00 AM Session time limit NOT reached, current duration = 0, session limit = 1.
INFO:08/03/2021 10:18:00 AM Created subgoal, new goal level = 5
INFO:08/03/2021 10:18:01 AM Formatting action: behaviour = 12, goal_level = 5, performance = None, name = Jonathan, shot = 1, hand = FH, stat = racketPreparation
INFO:08/03/2021 10:18:01 AM Displaying action Good  
INFO:08/03/2021 10:18:02 AM Ended subgoal 5. New goal level = 4.
INFO:08/03/2021 10:18:03 AM Session time limit NOT reached, current duration = 0, session limit = 1.
INFO:08/03/2021 10:18:03 AM Created subgoal, new goal level = 5
INFO:08/03/2021 10:18:04 AM Session time limit NOT reached, current duration = 0, session limit = 1.
INFO:08/03/2021 10:18:04 AM Received data from app: {'goal_level': '5', 'score': '0.6482367', 'performance': 'Under'}
INFO:08/03/2021 10:18:04 AM 192.168.1.107 - - [03/Aug/2021 10:18:04] "[37mPOST /cue HTTP/1.1[0m" 200 -
INFO:08/03/2021 10:18:05 AM Session time limit NOT reached, current duration = 0, session limit = 1.
INFO:08/03/2021 10:18:05 AM Formatting action: behaviour = 12, goal_level = 5, performance = None, name = Jonathan, shot = 1, hand = FH, stat = racketPreparation
INFO:08/03/2021 10:18:05 AM Received data from app: {'goal_level': '5', 'score': '0.0', 'performance': 'Very Low'}
INFO:08/03/2021 10:18:05 AM 192.168.1.107 - - [03/Aug/2021 10:18:05] "[37mPOST /cue HTTP/1.1[0m" 200 -
INFO:08/03/2021 10:18:06 AM Displaying action Nice  
INFO:08/03/2021 10:18:07 AM Ended subgoal 5. New goal level = 4.
INFO:08/03/2021 10:18:08 AM Session time limit NOT reached, current duration = 0, session limit = 1.
INFO:08/03/2021 10:18:08 AM Created subgoal, new goal level = 5
INFO:08/03/2021 10:18:08 AM Formatting action: behaviour = 12, goal_level = 5, performance = None, name = Jonathan, shot = 1, hand = FH, stat = racketPreparation
INFO:08/03/2021 10:18:08 AM Displaying action Nice shot.  
INFO:08/03/2021 10:18:09 AM Ended subgoal 5. New goal level = 4.
INFO:08/03/2021 10:18:10 AM Received data from app: {'goal_level': '5', 'score': '1.0', 'performance': 'Over'}
INFO:08/03/2021 10:18:10 AM 192.168.1.107 - - [03/Aug/2021 10:18:10] "[37mPOST /cue HTTP/1.1[0m" 200 -
INFO:08/03/2021 10:18:10 AM Received data from app: {'goal_level': '5', 'score': '0.96047604', 'performance': 'Over'}
INFO:08/03/2021 10:18:10 AM 192.168.1.107 - - [03/Aug/2021 10:18:10] "[37mPOST /cue HTTP/1.1[0m" 200 -
INFO:08/03/2021 10:18:10 AM Session time limit NOT reached, current duration = 0, session limit = 1.
INFO:08/03/2021 10:18:10 AM Created subgoal, new goal level = 5
INFO:08/03/2021 10:18:11 AM Received data from app: {'goal_level': '5', 'score': '0.95652366', 'performance': 'Over'}
INFO:08/03/2021 10:18:11 AM 192.168.1.107 - - [03/Aug/2021 10:18:11] "[37mPOST /cue HTTP/1.1[0m" 200 -
INFO:08/03/2021 10:18:11 AM Formatting action: behaviour = 12, goal_level = 5, performance = None, name = Jonathan, shot = 1, hand = FH, stat = racketPreparation
INFO:08/03/2021 10:18:11 AM Displaying action Nice shot.  
INFO:08/03/2021 10:18:12 AM Ended subgoal 5. New goal level = 4.
INFO:08/03/2021 10:18:13 AM Session time limit NOT reached, current duration = 0, session limit = 1.
INFO:08/03/2021 10:18:13 AM Created subgoal, new goal level = 5
INFO:08/03/2021 10:18:14 AM Formatting action: behaviour = 68, goal_level = 5, performance = None, name = Jonathan, shot = 1, hand = FH, stat = racketPreparation
INFO:08/03/2021 10:18:14 AM Ended subgoal 5. New goal level = 4.
INFO:08/03/2021 10:18:14 AM Received data from app: {'goal_level': '5', 'score': '0.17790136', 'performance': 'Very Low'}
INFO:08/03/2021 10:18:14 AM 192.168.1.107 - - [03/Aug/2021 10:18:14] "[37mPOST /cue HTTP/1.1[0m" 200 -
INFO:08/03/2021 10:18:15 AM Session time limit NOT reached, current duration = 0, session limit = 1.
INFO:08/03/2021 10:18:15 AM Created subgoal, new goal level = 5
INFO:08/03/2021 10:18:16 AM Formatting action: behaviour = 12, goal_level = 5, performance = None, name = Jonathan, shot = 1, hand = FH, stat = racketPreparation
INFO:08/03/2021 10:18:16 AM Received data from app: {'goal_level': '5', 'score': '0.32018766', 'performance': 'Very Low'}
INFO:08/03/2021 10:18:16 AM 192.168.1.107 - - [03/Aug/2021 10:18:16] "[37mPOST /cue HTTP/1.1[0m" 200 -
INFO:08/03/2021 10:18:16 AM Displaying action Nice  
INFO:08/03/2021 10:18:17 AM Ended subgoal 5. New goal level = 4.
INFO:08/03/2021 10:18:18 AM Received data from app: {'goal_level': '5', 'score': '0.3755212', 'performance': 'Very Low'}
INFO:08/03/2021 10:18:18 AM 192.168.1.107 - - [03/Aug/2021 10:18:18] "[37mPOST /cue HTTP/1.1[0m" 200 -
INFO:08/03/2021 10:18:18 AM Session time limit NOT reached, current duration = 0, session limit = 1.
INFO:08/03/2021 10:18:18 AM Created subgoal, new goal level = 5
INFO:08/03/2021 10:18:18 AM Formatting action: behaviour = 68, goal_level = 5, performance = None, name = Jonathan, shot = 1, hand = FH, stat = racketPreparation
INFO:08/03/2021 10:18:18 AM Ended subgoal 5. New goal level = 4.
INFO:08/03/2021 10:18:19 AM Session time limit NOT reached, current duration = 0, session limit = 1.
INFO:08/03/2021 10:18:19 AM Created subgoal, new goal level = 5
INFO:08/03/2021 10:18:20 AM Received data from app: {'goal_level': '5', 'score': '0.750999', 'performance': 'Good!'}
INFO:08/03/2021 10:18:20 AM 192.168.1.107 - - [03/Aug/2021 10:18:20] "[37mPOST /cue HTTP/1.1[0m" 200 -
INFO:08/03/2021 10:18:21 AM Session time limit NOT reached, current duration = 0, session limit = 1.
INFO:08/03/2021 10:18:21 AM Received data from app: {'goal_level': '5', 'score': '0.7193798', 'performance': 'Under'}
INFO:08/03/2021 10:18:21 AM 192.168.1.107 - - [03/Aug/2021 10:18:21] "[37mPOST /cue HTTP/1.1[0m" 200 -
INFO:08/03/2021 10:18:21 AM Formatting action: behaviour = 12, goal_level = 5, performance = None, name = Jonathan, shot = 1, hand = FH, stat = racketPreparation
INFO:08/03/2021 10:18:21 AM Displaying action Top work  
INFO:08/03/2021 10:18:23 AM Ended subgoal 5. New goal level = 4.
INFO:08/03/2021 10:18:23 AM Received data from app: {'goal_level': '5', 'score': '0.07909142', 'performance': 'Very Low'}
INFO:08/03/2021 10:18:23 AM 192.168.1.107 - - [03/Aug/2021 10:18:23] "[37mPOST /cue HTTP/1.1[0m" 200 -
INFO:08/03/2021 10:18:24 AM Session time limit NOT reached, current duration = 0, session limit = 1.
INFO:08/03/2021 10:18:24 AM Created subgoal, new goal level = 5
INFO:08/03/2021 10:18:24 AM Formatting action: behaviour = 68, goal_level = 5, performance = None, name = Jonathan, shot = 1, hand = FH, stat = racketPreparation
INFO:08/03/2021 10:18:24 AM Ended subgoal 5. New goal level = 4.
INFO:08/03/2021 10:18:24 AM Received data from app: {'goal_level': '5', 'score': '0.8379517', 'performance': 'Good!'}
INFO:08/03/2021 10:18:24 AM 192.168.1.107 - - [03/Aug/2021 10:18:24] "[37mPOST /cue HTTP/1.1[0m" 200 -
INFO:08/03/2021 10:18:25 AM Session time limit NOT reached, current duration = 0, session limit = 1.
INFO:08/03/2021 10:18:25 AM Created subgoal, new goal level = 5
INFO:08/03/2021 10:18:26 AM Formatting action: behaviour = 68, goal_level = 5, performance = None, name = Jonathan, shot = 1, hand = FH, stat = racketPreparation
INFO:08/03/2021 10:18:26 AM Ended subgoal 5. New goal level = 4.
INFO:08/03/2021 10:18:26 AM Received data from app: {'goal_level': '5', 'score': '0.20556813', 'performance': 'Very Low'}
INFO:08/03/2021 10:18:26 AM 192.168.1.107 - - [03/Aug/2021 10:18:26] "[37mPOST /cue HTTP/1.1[0m" 200 -
INFO:08/03/2021 10:18:27 AM Session time limit NOT reached, current duration = 0, session limit = 1.
INFO:08/03/2021 10:18:27 AM Created subgoal, new goal level = 5
INFO:08/03/2021 10:18:27 AM Formatting action: behaviour = 68, goal_level = 5, performance = None, name = Jonathan, shot = 1, hand = FH, stat = racketPreparation
INFO:08/03/2021 10:18:27 AM Ended subgoal 5. New goal level = 4.
INFO:08/03/2021 10:18:27 AM Received data from app: {'goal_level': '5', 'score': '0.6087127', 'performance': 'Low'}
INFO:08/03/2021 10:18:27 AM 192.168.1.107 - - [03/Aug/2021 10:18:27] "[37mPOST /cue HTTP/1.1[0m" 200 -
INFO:08/03/2021 10:18:28 AM Session time limit NOT reached, current duration = 0, session limit = 1.
INFO:08/03/2021 10:18:28 AM Created subgoal, new goal level = 5
INFO:08/03/2021 10:18:29 AM Received data from app: {'goal_level': '5', 'score': '0.22928251', 'performance': 'Very Low'}
INFO:08/03/2021 10:18:29 AM 192.168.1.107 - - [03/Aug/2021 10:18:29] "[37mPOST /cue HTTP/1.1[0m" 200 -
INFO:08/03/2021 10:18:29 AM Formatting action: behaviour = 68, goal_level = 5, performance = None, name = Jonathan, shot = 1, hand = FH, stat = racketPreparation
INFO:08/03/2021 10:18:29 AM Ended subgoal 5. New goal level = 4.
INFO:08/03/2021 10:18:30 AM Session time limit NOT reached, current duration = 0, session limit = 1.
INFO:08/03/2021 10:18:30 AM Created subgoal, new goal level = 5
INFO:08/03/2021 10:18:31 AM Formatting action: behaviour = 68, goal_level = 5, performance = None, name = Jonathan, shot = 1, hand = FH, stat = racketPreparation
INFO:08/03/2021 10:18:31 AM Received data from app: {'goal_level': '5', 'score': '0.6126651', 'performance': 'Low'}
INFO:08/03/2021 10:18:31 AM Ended subgoal 5. New goal level = 4.
INFO:08/03/2021 10:18:31 AM 192.168.1.107 - - [03/Aug/2021 10:18:31] "[37mPOST /cue HTTP/1.1[0m" 200 -
INFO:08/03/2021 10:18:32 AM Session time limit NOT reached, current duration = 0, session limit = 1.
INFO:08/03/2021 10:18:32 AM Created subgoal, new goal level = 5
INFO:08/03/2021 10:18:32 AM Formatting action: behaviour = 12, goal_level = 5, performance = None, name = Jonathan, shot = 1, hand = FH, stat = racketPreparation
INFO:08/03/2021 10:18:32 AM Received data from app: {'goal_level': '5', 'score': '0.07909142', 'performance': 'Very Low'}
INFO:08/03/2021 10:18:32 AM 192.168.1.107 - - [03/Aug/2021 10:18:32] "[37mPOST /cue HTTP/1.1[0m" 200 -
INFO:08/03/2021 10:18:33 AM Displaying action Good  
INFO:08/03/2021 10:18:33 AM Ended subgoal 5. New goal level = 4.
INFO:08/03/2021 10:18:34 AM Session time limit NOT reached, current duration = 0, session limit = 1.
INFO:08/03/2021 10:18:34 AM Created subgoal, new goal level = 5
INFO:08/03/2021 10:18:34 AM Received data from app: {'goal_level': '5', 'score': '0.49014074', 'performance': 'Low'}
INFO:08/03/2021 10:18:34 AM 192.168.1.107 - - [03/Aug/2021 10:18:34] "[37mPOST /cue HTTP/1.1[0m" 200 -
INFO:08/03/2021 10:18:35 AM Formatting action: behaviour = 68, goal_level = 5, performance = None, name = Jonathan, shot = 1, hand = FH, stat = racketPreparation
INFO:08/03/2021 10:18:35 AM Ended subgoal 5. New goal level = 4.
INFO:08/03/2021 10:18:36 AM Received data from app: {'goal_level': '5', 'score': '0.2609017', 'performance': 'Very Low'}
INFO:08/03/2021 10:18:36 AM 192.168.1.107 - - [03/Aug/2021 10:18:36] "[37mPOST /cue HTTP/1.1[0m" 200 -
INFO:08/03/2021 10:18:36 AM Session time limit NOT reached, current duration = 0, session limit = 1.
INFO:08/03/2021 10:18:36 AM Created subgoal, new goal level = 5
INFO:08/03/2021 10:18:36 AM Formatting action: behaviour = 68, goal_level = 5, performance = None, name = Jonathan, shot = 1, hand = FH, stat = racketPreparation
INFO:08/03/2021 10:18:36 AM Ended subgoal 5. New goal level = 4.
INFO:08/03/2021 10:18:37 AM Session time limit NOT reached, current duration = 0, session limit = 1.
INFO:08/03/2021 10:18:37 AM Created subgoal, new goal level = 5
INFO:08/03/2021 10:18:39 AM Session time limit NOT reached, current duration = 0, session limit = 1.
INFO:08/03/2021 10:18:40 AM Session time limit NOT reached, current duration = 0, session limit = 1.
INFO:08/03/2021 10:18:41 AM Received data from app: {'goal_level': '5', 'score': '1.0', 'performance': 'Over'}
INFO:08/03/2021 10:18:41 AM 192.168.1.107 - - [03/Aug/2021 10:18:41] "[37mPOST /cue HTTP/1.1[0m" 200 -
INFO:08/03/2021 10:18:41 AM Session time limit NOT reached, current duration = 0, session limit = 1.
INFO:08/03/2021 10:18:41 AM Received data from app: {'goal_level': '5', 'score': '0.8537613', 'performance': 'Good!'}
INFO:08/03/2021 10:18:41 AM 192.168.1.107 - - [03/Aug/2021 10:18:41] "[37mPOST /cue HTTP/1.1[0m" 200 -
INFO:08/03/2021 10:18:41 AM Received data from app: {'goal_level': '5', 'score': '0.77076095', 'performance': 'Good!'}
INFO:08/03/2021 10:18:41 AM 192.168.1.107 - - [03/Aug/2021 10:18:41] "[37mPOST /cue HTTP/1.1[0m" 200 -
INFO:08/03/2021 10:18:41 AM Formatting action: behaviour = 68, goal_level = 5, performance = None, name = Jonathan, shot = 1, hand = FH, stat = racketPreparation
INFO:08/03/2021 10:18:41 AM Ended subgoal 5. New goal level = 4.
INFO:08/03/2021 10:18:42 AM Session time limit NOT reached, current duration = 0, session limit = 1.
INFO:08/03/2021 10:18:42 AM Created subgoal, new goal level = 5
INFO:08/03/2021 10:18:43 AM Formatting action: behaviour = 12, goal_level = 5, performance = None, name = Jonathan, shot = 1, hand = FH, stat = racketPreparation
INFO:08/03/2021 10:18:43 AM Displaying action Nice  
INFO:08/03/2021 10:18:44 AM Ended subgoal 5. New goal level = 4.
INFO:08/03/2021 10:18:44 AM Received data from app: {'goal_level': '5', 'score': '0.30437806', 'performance': 'Very Low'}
INFO:08/03/2021 10:18:44 AM 192.168.1.107 - - [03/Aug/2021 10:18:44] "[37mPOST /cue HTTP/1.1[0m" 200 -
INFO:08/03/2021 10:18:45 AM Session time limit NOT reached, current duration = 0, session limit = 1.
INFO:08/03/2021 10:18:45 AM Created subgoal, new goal level = 5
INFO:08/03/2021 10:18:46 AM Formatting action: behaviour = 68, goal_level = 5, performance = None, name = Jonathan, shot = 1, hand = FH, stat = racketPreparation
INFO:08/03/2021 10:18:46 AM Ended subgoal 5. New goal level = 4.
INFO:08/03/2021 10:18:46 AM Received data from app: {'goal_level': '5', 'score': '0.9367617', 'performance': 'Good!'}
INFO:08/03/2021 10:18:46 AM 192.168.1.107 - - [03/Aug/2021 10:18:46] "[37mPOST /cue HTTP/1.1[0m" 200 -
INFO:08/03/2021 10:18:47 AM Session time limit NOT reached, current duration = 0, session limit = 1.
INFO:08/03/2021 10:18:47 AM Created subgoal, new goal level = 5
INFO:08/03/2021 10:18:47 AM Formatting action: behaviour = 68, goal_level = 5, performance = None, name = Jonathan, shot = 1, hand = FH, stat = racketPreparation
INFO:08/03/2021 10:18:47 AM Ended subgoal 5. New goal level = 4.
INFO:08/03/2021 10:18:48 AM Received data from app: {'goal_level': '5', 'score': '0.03956745', 'performance': 'Very Low'}
INFO:08/03/2021 10:18:48 AM 192.168.1.107 - - [03/Aug/2021 10:18:48] "[37mPOST /cue HTTP/1.1[0m" 200 -
INFO:08/03/2021 10:18:48 AM Session time limit NOT reached, current duration = 0, session limit = 1.
INFO:08/03/2021 10:18:48 AM Created subgoal, new goal level = 5
INFO:08/03/2021 10:18:49 AM Formatting action: behaviour = 68, goal_level = 5, performance = None, name = Jonathan, shot = 1, hand = FH, stat = racketPreparation
INFO:08/03/2021 10:18:49 AM Ended subgoal 5. New goal level = 4.
INFO:08/03/2021 10:18:50 AM Received data from app: {'goal_level': '5', 'score': '0.30833045', 'performance': 'Very Low'}
INFO:08/03/2021 10:18:50 AM 192.168.1.107 - - [03/Aug/2021 10:18:50] "[37mPOST /cue HTTP/1.1[0m" 200 -
INFO:08/03/2021 10:18:50 AM Session time limit NOT reached, current duration = 0, session limit = 1.
INFO:08/03/2021 10:18:50 AM Created subgoal, new goal level = 5
INFO:08/03/2021 10:18:50 AM Formatting action: behaviour = 68, goal_level = 5, performance = None, name = Jonathan, shot = 1, hand = FH, stat = racketPreparation
INFO:08/03/2021 10:18:50 AM Ended subgoal 5. New goal level = 4.
INFO:08/03/2021 10:18:51 AM Received data from app: {'goal_level': '5', 'score': '0.68776065', 'performance': 'Under'}
INFO:08/03/2021 10:18:51 AM 192.168.1.107 - - [03/Aug/2021 10:18:51] "[37mPOST /cue HTTP/1.1[0m" 200 -
INFO:08/03/2021 10:18:51 AM Session time limit NOT reached, current duration = 0, session limit = 1.
INFO:08/03/2021 10:18:51 AM Created subgoal, new goal level = 5
INFO:08/03/2021 10:18:52 AM Formatting action: behaviour = 12, goal_level = 5, performance = None, name = Jonathan, shot = 1, hand = FH, stat = racketPreparation
INFO:08/03/2021 10:18:52 AM Displaying action Nice shot.  
INFO:08/03/2021 10:18:52 AM Received data from app: {'goal_level': '5', 'score': '0.118615404', 'performance': 'Very Low'}
INFO:08/03/2021 10:18:52 AM 192.168.1.107 - - [03/Aug/2021 10:18:52] "[37mPOST /cue HTTP/1.1[0m" 200 -
INFO:08/03/2021 10:18:52 AM Received data from app: {'goal_level': '4', 'score': '24%', 'performance': '2', 'tgtValue': '84%'}
INFO:08/03/2021 10:18:53 AM Ended subgoal 5. New goal level = 4.
INFO:08/03/2021 10:18:53 AM 192.168.1.107 - - [03/Aug/2021 10:18:53] "[37mPOST /cue HTTP/1.1[0m" 200 -
INFO:08/03/2021 10:18:53 AM Received data from app: {'goal_level': '4'}
INFO:08/03/2021 10:18:54 AM Session time limit NOT reached, current duration = 0, session limit = 1.
INFO:08/03/2021 10:18:57 AM Shot set completed.
INFO:08/03/2021 10:18:57 AM 192.168.1.107 - - [03/Aug/2021 10:18:57] "[37mPOST /cue HTTP/1.1[0m" 200 -
INFO:08/03/2021 10:18:57 AM Received data from app: {'goal_level': '5', 'score': '0.4189976', 'performance': 'Very Low'}
INFO:08/03/2021 10:18:57 AM Action goal not expected, not using data.
INFO:08/03/2021 10:18:57 AM 192.168.1.107 - - [03/Aug/2021 10:18:57] "[37mPOST /cue HTTP/1.1[0m" 200 -
INFO:08/03/2021 10:18:57 AM Received data from app: {'goal_level': '5', 'score': '0.015853066', 'performance': 'Very Low'}
INFO:08/03/2021 10:18:57 AM Action goal not expected, not using data.
INFO:08/03/2021 10:18:57 AM 192.168.1.107 - - [03/Aug/2021 10:18:57] "[37mPOST /cue HTTP/1.1[0m" 200 -
INFO:08/03/2021 10:18:57 AM Received data from app: {'goal_level': '5', 'score': '0.23718731', 'performance': 'Very Low'}
INFO:08/03/2021 10:18:57 AM Action goal not expected, not using data.
INFO:08/03/2021 10:18:57 AM 192.168.1.107 - - [03/Aug/2021 10:18:57] "[37mPOST /cue HTTP/1.1[0m" 200 -
INFO:08/03/2021 10:18:58 AM Formatting action: behaviour = 5, goal_level = 4, performance = None, name = Jonathan, shot = 1, hand = FH, stat = racketPreparation
INFO:08/03/2021 10:18:58 AM Displaying action During that set you 
INFO:08/03/2021 10:18:59 AM Received data from app: {'goal_level': '5', 'score': '0.7154274', 'performance': 'Under'}
INFO:08/03/2021 10:18:59 AM Action goal not expected, not using data.
INFO:08/03/2021 10:18:59 AM 192.168.1.107 - - [03/Aug/2021 10:18:59] "[37mPOST /cue HTTP/1.1[0m" 200 -
INFO:08/03/2021 10:19:00 AM Session time limit NOT reached, current duration = 0, session limit = 1.
INFO:08/03/2021 10:19:01 AM Ended subgoal 4. New goal level = 3.
INFO:08/03/2021 10:19:02 AM Session time limit NOT reached, current duration = 0, session limit = 1.
INFO:08/03/2021 10:19:02 AM Created subgoal, new goal level = 4
INFO:08/03/2021 10:19:03 AM Formatting action: behaviour = 17, goal_level = 4, performance = None, name = Jonathan, shot = 1, hand = FH, stat = racketPreparation
INFO:08/03/2021 10:19:03 AM Displaying action Play another set of 30 forehand drives please. Remember, get your racket up early
INFO:08/03/2021 10:19:04 AM Created subgoal, new goal level = 5
INFO:08/03/2021 10:19:05 AM Session time limit NOT reached, current duration = 0, session limit = 1.
INFO:08/03/2021 10:19:06 AM Session time limit NOT reached, current duration = 0, session limit = 1.
INFO:08/03/2021 10:19:07 AM Session time limit NOT reached, current duration = 0, session limit = 1.
INFO:08/03/2021 10:19:08 AM Session time limit NOT reached, current duration = 0, session limit = 1.
INFO:08/03/2021 10:19:09 AM Session time limit NOT reached, current duration = 0, session limit = 1.
INFO:08/03/2021 10:19:10 AM Received data from app: {'goal_level': '5', 'score': '1.0', 'performance': 'Over'}
INFO:08/03/2021 10:19:10 AM 192.168.1.107 - - [03/Aug/2021 10:19:10] "[37mPOST /cue HTTP/1.1[0m" 200 -
INFO:08/03/2021 10:19:10 AM Session time limit NOT reached, current duration = 0, session limit = 1.
INFO:08/03/2021 10:19:11 AM Formatting action: behaviour = 12, goal_level = 5, performance = None, name = Jonathan, shot = 1, hand = FH, stat = racketPreparation
INFO:08/03/2021 10:19:11 AM Displaying action Nice shot.  
INFO:08/03/2021 10:19:12 AM Ended subgoal 5. New goal level = 4.
INFO:08/03/2021 10:19:12 AM Received data from app: {'goal_level': '5', 'score': '0.32809246', 'performance': 'Very Low'}
INFO:08/03/2021 10:19:12 AM 192.168.1.107 - - [03/Aug/2021 10:19:12] "[37mPOST /cue HTTP/1.1[0m" 200 -
INFO:08/03/2021 10:19:13 AM Session time limit NOT reached, current duration = 0, session limit = 1.
INFO:08/03/2021 10:19:13 AM Created subgoal, new goal level = 5
INFO:08/03/2021 10:19:13 AM Formatting action: behaviour = 68, goal_level = 5, performance = None, name = Jonathan, shot = 1, hand = FH, stat = racketPreparation
INFO:08/03/2021 10:19:13 AM Ended subgoal 5. New goal level = 4.
INFO:08/03/2021 10:19:14 AM Received data from app: {'goal_level': '5', 'score': '0.47433114', 'performance': 'Low'}
INFO:08/03/2021 10:19:14 AM 192.168.1.107 - - [03/Aug/2021 10:19:14] "[37mPOST /cue HTTP/1.1[0m" 200 -
INFO:08/03/2021 10:19:15 AM Session time limit NOT reached, current duration = 0, session limit = 1.
INFO:08/03/2021 10:19:15 AM Created subgoal, new goal level = 5
INFO:08/03/2021 10:19:15 AM Formatting action: behaviour = 12, goal_level = 5, performance = None, name = Jonathan, shot = 1, hand = FH, stat = racketPreparation
INFO:08/03/2021 10:19:15 AM Received data from app: {'goal_level': '5', 'score': '0.047472242', 'performance': 'Very Low'}
INFO:08/03/2021 10:19:15 AM 192.168.1.107 - - [03/Aug/2021 10:19:15] "[37mPOST /cue HTTP/1.1[0m" 200 -
INFO:08/03/2021 10:19:15 AM Displaying action Good  
INFO:08/03/2021 10:19:16 AM Ended subgoal 5. New goal level = 4.
INFO:08/03/2021 10:19:17 AM Received data from app: {'goal_level': '5', 'score': '0.16209178', 'performance': 'Very Low'}
INFO:08/03/2021 10:19:17 AM 192.168.1.107 - - [03/Aug/2021 10:19:17] "[37mPOST /cue HTTP/1.1[0m" 200 -
INFO:08/03/2021 10:19:17 AM Session time limit NOT reached, current duration = 0, session limit = 1.
INFO:08/03/2021 10:19:17 AM Created subgoal, new goal level = 5
INFO:08/03/2021 10:19:18 AM Formatting action: behaviour = 68, goal_level = 5, performance = None, name = Jonathan, shot = 1, hand = FH, stat = racketPreparation
INFO:08/03/2021 10:19:18 AM Ended subgoal 5. New goal level = 4.
INFO:08/03/2021 10:19:19 AM Session time limit NOT reached, current duration = 0, session limit = 1.
INFO:08/03/2021 10:19:19 AM Created subgoal, new goal level = 5
INFO:08/03/2021 10:19:19 AM Received data from app: {'goal_level': '5', 'score': '0.2529969', 'performance': 'Very Low'}
INFO:08/03/2021 10:19:19 AM 192.168.1.107 - - [03/Aug/2021 10:19:19] "[37mPOST /cue HTTP/1.1[0m" 200 -
INFO:08/03/2021 10:19:20 AM Session time limit NOT reached, current duration = 0, session limit = 1.
INFO:08/03/2021 10:19:20 AM Received data from app: {'goal_level': '5', 'score': '0.23718731', 'performance': 'Very Low'}
INFO:08/03/2021 10:19:20 AM 192.168.1.107 - - [03/Aug/2021 10:19:20] "[37mPOST /cue HTTP/1.1[0m" 200 -
INFO:08/03/2021 10:19:20 AM Formatting action: behaviour = 68, goal_level = 5, performance = None, name = Jonathan, shot = 1, hand = FH, stat = racketPreparation
INFO:08/03/2021 10:19:20 AM Ended subgoal 5. New goal level = 4.
INFO:08/03/2021 10:19:21 AM Session time limit NOT reached, current duration = 0, session limit = 1.
INFO:08/03/2021 10:19:21 AM Created subgoal, new goal level = 5
INFO:08/03/2021 10:19:22 AM Received data from app: {'goal_level': '5', 'score': '0.10675821', 'performance': 'Very Low'}
INFO:08/03/2021 10:19:22 AM 192.168.1.107 - - [03/Aug/2021 10:19:22] "[37mPOST /cue HTTP/1.1[0m" 200 -
INFO:08/03/2021 10:19:22 AM Formatting action: behaviour = 68, goal_level = 5, performance = None, name = Jonathan, shot = 1, hand = FH, stat = racketPreparation
INFO:08/03/2021 10:19:22 AM Ended subgoal 5. New goal level = 4.
INFO:08/03/2021 10:19:23 AM Session time limit NOT reached, current duration = 0, session limit = 1.
INFO:08/03/2021 10:19:23 AM Created subgoal, new goal level = 5
INFO:08/03/2021 10:19:23 AM Formatting action: behaviour = 68, goal_level = 5, performance = None, name = Jonathan, shot = 1, hand = FH, stat = racketPreparation
INFO:08/03/2021 10:19:23 AM Ended subgoal 5. New goal level = 4.
INFO:08/03/2021 10:19:24 AM Received data from app: {'goal_level': '5', 'score': '0.06328184', 'performance': 'Very Low'}
INFO:08/03/2021 10:19:24 AM 192.168.1.107 - - [03/Aug/2021 10:19:24] "[37mPOST /cue HTTP/1.1[0m" 200 -
INFO:08/03/2021 10:19:24 AM Session time limit NOT reached, current duration = 0, session limit = 1.
INFO:08/03/2021 10:19:24 AM Created subgoal, new goal level = 5
INFO:08/03/2021 10:19:25 AM Received data from app: {'goal_level': '5', 'score': '0.51780754', 'performance': 'Low'}
INFO:08/03/2021 10:19:25 AM 192.168.1.107 - - [03/Aug/2021 10:19:25] "[37mPOST /cue HTTP/1.1[0m" 200 -
INFO:08/03/2021 10:19:25 AM Formatting action: behaviour = 12, goal_level = 5, performance = None, name = Jonathan, shot = 1, hand = FH, stat = racketPreparation
INFO:08/03/2021 10:19:25 AM Displaying action Nice  
INFO:08/03/2021 10:19:26 AM Ended subgoal 5. New goal level = 4.
INFO:08/03/2021 10:19:26 AM Received data from app: {'goal_level': '5', 'score': '0.031662654', 'performance': 'Very Low'}
INFO:08/03/2021 10:19:26 AM 192.168.1.107 - - [03/Aug/2021 10:19:26] "[37mPOST /cue HTTP/1.1[0m" 200 -
INFO:08/03/2021 10:19:27 AM Session time limit NOT reached, current duration = 0, session limit = 1.
INFO:08/03/2021 10:19:27 AM Created subgoal, new goal level = 5
INFO:08/03/2021 10:19:28 AM Formatting action: behaviour = 68, goal_level = 5, performance = None, name = Jonathan, shot = 1, hand = FH, stat = racketPreparation
INFO:08/03/2021 10:19:28 AM Ended subgoal 5. New goal level = 4.
INFO:08/03/2021 10:19:29 AM Received data from app: {'goal_level': '5', 'score': '0.10675821', 'performance': 'Very Low'}
INFO:08/03/2021 10:19:29 AM 192.168.1.107 - - [03/Aug/2021 10:19:29] "[37mPOST /cue HTTP/1.1[0m" 200 -
INFO:08/03/2021 10:19:29 AM Session time limit NOT reached, current duration = 0, session limit = 1.
INFO:08/03/2021 10:19:29 AM Created subgoal, new goal level = 5
INFO:08/03/2021 10:19:29 AM Received data from app: {'goal_level': '5', 'score': '0.89723766', 'performance': 'Good!'}
INFO:08/03/2021 10:19:29 AM 192.168.1.107 - - [03/Aug/2021 10:19:29] "[37mPOST /cue HTTP/1.1[0m" 200 -
INFO:08/03/2021 10:19:30 AM Formatting action: behaviour = 68, goal_level = 5, performance = None, name = Jonathan, shot = 1, hand = FH, stat = racketPreparation
INFO:08/03/2021 10:19:30 AM Ended subgoal 5. New goal level = 4.
INFO:08/03/2021 10:19:30 AM Received data from app: {'goal_level': '5', 'score': '0.9644284', 'performance': 'Over'}
INFO:08/03/2021 10:19:30 AM 192.168.1.107 - - [03/Aug/2021 10:19:30] "[37mPOST /cue HTTP/1.1[0m" 200 -
INFO:08/03/2021 10:19:30 AM Received data from app: {'goal_level': '5', 'score': '0.97628564', 'performance': 'Over'}
INFO:08/03/2021 10:19:30 AM 192.168.1.107 - - [03/Aug/2021 10:19:30] "[37mPOST /cue HTTP/1.1[0m" 200 -
INFO:08/03/2021 10:19:31 AM Session time limit NOT reached, current duration = 0, session limit = 1.
INFO:08/03/2021 10:19:31 AM Created subgoal, new goal level = 5
INFO:08/03/2021 10:19:31 AM Formatting action: behaviour = 68, goal_level = 5, performance = None, name = Jonathan, shot = 1, hand = FH, stat = racketPreparation
INFO:08/03/2021 10:19:31 AM Ended subgoal 5. New goal level = 4.
INFO:08/03/2021 10:19:32 AM Received data from app: {'goal_level': '5', 'score': '0.14232978', 'performance': 'Very Low'}
INFO:08/03/2021 10:19:32 AM 192.168.1.107 - - [03/Aug/2021 10:19:32] "[37mPOST /cue HTTP/1.1[0m" 200 -
INFO:08/03/2021 10:19:32 AM Session time limit NOT reached, current duration = 0, session limit = 1.
INFO:08/03/2021 10:19:32 AM Created subgoal, new goal level = 5
INFO:08/03/2021 10:19:33 AM Formatting action: behaviour = 68, goal_level = 5, performance = None, name = Jonathan, shot = 1, hand = FH, stat = racketPreparation
INFO:08/03/2021 10:19:33 AM Ended subgoal 5. New goal level = 4.
INFO:08/03/2021 10:19:33 AM Received data from app: {'goal_level': '5', 'score': '0.2688065', 'performance': 'Very Low'}
INFO:08/03/2021 10:19:33 AM 192.168.1.107 - - [03/Aug/2021 10:19:33] "[37mPOST /cue HTTP/1.1[0m" 200 -
INFO:08/03/2021 10:19:34 AM Session time limit NOT reached, current duration = 0, session limit = 1.
INFO:08/03/2021 10:19:34 AM Created subgoal, new goal level = 5
INFO:08/03/2021 10:19:34 AM Formatting action: behaviour = 12, goal_level = 5, performance = None, name = Jonathan, shot = 1, hand = FH, stat = racketPreparation
INFO:08/03/2021 10:19:35 AM Displaying action Top work  
INFO:08/03/2021 10:19:35 AM Received data from app: {'goal_level': '5', 'score': '0.40714037', 'performance': 'Very Low'}
INFO:08/03/2021 10:19:35 AM 192.168.1.107 - - [03/Aug/2021 10:19:35] "[37mPOST /cue HTTP/1.1[0m" 200 -
INFO:08/03/2021 10:19:36 AM Ended subgoal 5. New goal level = 4.
INFO:08/03/2021 10:19:37 AM Session time limit NOT reached, current duration = 0, session limit = 1.
INFO:08/03/2021 10:19:37 AM Created subgoal, new goal level = 5
INFO:08/03/2021 10:19:37 AM Formatting action: behaviour = 12, goal_level = 5, performance = None, name = Jonathan, shot = 1, hand = FH, stat = racketPreparation
INFO:08/03/2021 10:19:37 AM Received data from app: {'goal_level': '5', 'score': '0.5257124', 'performance': 'Low'}
INFO:08/03/2021 10:19:37 AM 192.168.1.107 - - [03/Aug/2021 10:19:37] "[37mPOST /cue HTTP/1.1[0m" 200 -
INFO:08/03/2021 10:19:38 AM Displaying action Nice shot.  
INFO:08/03/2021 10:19:39 AM Ended subgoal 5. New goal level = 4.
INFO:08/03/2021 10:19:39 AM Received data from app: {'goal_level': '5', 'score': '0.30042568', 'performance': 'Very Low'}
INFO:08/03/2021 10:19:39 AM 192.168.1.107 - - [03/Aug/2021 10:19:39] "[37mPOST /cue HTTP/1.1[0m" 200 -
INFO:08/03/2021 10:19:40 AM Session time limit NOT reached, current duration = 0, session limit = 1.
INFO:08/03/2021 10:19:40 AM Created subgoal, new goal level = 5
INFO:08/03/2021 10:19:40 AM Formatting action: behaviour = 68, goal_level = 5, performance = None, name = Jonathan, shot = 1, hand = FH, stat = racketPreparation
INFO:08/03/2021 10:19:40 AM Ended subgoal 5. New goal level = 4.
INFO:08/03/2021 10:19:41 AM Received data from app: {'goal_level': '5', 'score': '0.2688065', 'performance': 'Very Low'}
INFO:08/03/2021 10:19:41 AM 192.168.1.107 - - [03/Aug/2021 10:19:41] "[37mPOST /cue HTTP/1.1[0m" 200 -
INFO:08/03/2021 10:19:41 AM Session time limit NOT reached, current duration = 0, session limit = 1.
INFO:08/03/2021 10:19:41 AM Created subgoal, new goal level = 5
INFO:08/03/2021 10:19:42 AM Formatting action: behaviour = 12, goal_level = 5, performance = None, name = Jonathan, shot = 1, hand = FH, stat = racketPreparation
INFO:08/03/2021 10:19:42 AM Displaying action Nice  
INFO:08/03/2021 10:19:43 AM Received data from app: {'goal_level': '5', 'score': '0.22928251', 'performance': 'Very Low'}
INFO:08/03/2021 10:19:43 AM 192.168.1.107 - - [03/Aug/2021 10:19:43] "[37mPOST /cue HTTP/1.1[0m" 200 -
INFO:08/03/2021 10:19:43 AM Ended subgoal 5. New goal level = 4.
INFO:08/03/2021 10:19:44 AM Received data from app: {'goal_level': '5', 'score': '0.0', 'performance': 'Very Low'}
INFO:08/03/2021 10:19:44 AM 192.168.1.107 - - [03/Aug/2021 10:19:44] "[37mPOST /cue HTTP/1.1[0m" 200 -
INFO:08/03/2021 10:19:44 AM Session time limit NOT reached, current duration = 0, session limit = 1.
INFO:08/03/2021 10:19:44 AM Created subgoal, new goal level = 5
INFO:08/03/2021 10:19:45 AM Formatting action: behaviour = 12, goal_level = 5, performance = None, name = Jonathan, shot = 1, hand = FH, stat = racketPreparation
INFO:08/03/2021 10:19:45 AM Displaying action Top work  
INFO:08/03/2021 10:19:46 AM Received data from app: {'goal_level': '5', 'score': '0.20556813', 'performance': 'Very Low'}
INFO:08/03/2021 10:19:46 AM 192.168.1.107 - - [03/Aug/2021 10:19:46] "[37mPOST /cue HTTP/1.1[0m" 200 -
INFO:08/03/2021 10:19:46 AM Ended subgoal 5. New goal level = 4.
INFO:08/03/2021 10:19:47 AM Session time limit NOT reached, current duration = 0, session limit = 1.
INFO:08/03/2021 10:19:47 AM Created subgoal, new goal level = 5
INFO:08/03/2021 10:19:47 AM Received data from app: {'goal_level': '5', 'score': '0.10280581', 'performance': 'Very Low'}
INFO:08/03/2021 10:19:47 AM 192.168.1.107 - - [03/Aug/2021 10:19:47] "[37mPOST /cue HTTP/1.1[0m" 200 -
INFO:08/03/2021 10:19:48 AM Formatting action: behaviour = 12, goal_level = 5, performance = None, name = Jonathan, shot = 1, hand = FH, stat = racketPreparation
INFO:08/03/2021 10:19:48 AM Displaying action Good  
INFO:08/03/2021 10:19:49 AM Ended subgoal 5. New goal level = 4.
INFO:08/03/2021 10:19:49 AM Received data from app: {'goal_level': '5', 'score': '0.1225678', 'performance': 'Very Low'}
INFO:08/03/2021 10:19:49 AM 192.168.1.107 - - [03/Aug/2021 10:19:49] "[37mPOST /cue HTTP/1.1[0m" 200 -
INFO:08/03/2021 10:19:50 AM Session time limit NOT reached, current duration = 0, session limit = 1.
INFO:08/03/2021 10:19:50 AM Created subgoal, new goal level = 5
INFO:08/03/2021 10:19:50 AM Formatting action: behaviour = 68, goal_level = 5, performance = None, name = Jonathan, shot = 1, hand = FH, stat = racketPreparation
INFO:08/03/2021 10:19:50 AM Ended subgoal 5. New goal level = 4.
INFO:08/03/2021 10:19:51 AM Session time limit NOT reached, current duration = 0, session limit = 1.
INFO:08/03/2021 10:19:51 AM Created subgoal, new goal level = 5
INFO:08/03/2021 10:19:52 AM Session time limit NOT reached, current duration = 0, session limit = 1.
INFO:08/03/2021 10:19:52 AM Received data from app: {'goal_level': '5', 'score': '1.0', 'performance': 'Over'}
INFO:08/03/2021 10:19:52 AM 192.168.1.107 - - [03/Aug/2021 10:19:52] "[37mPOST /cue HTTP/1.1[0m" 200 -
INFO:08/03/2021 10:19:53 AM Session time limit NOT reached, current duration = 0, session limit = 1.
INFO:08/03/2021 10:19:54 AM Received data from app: {'goal_level': '5', 'score': '0.77076095', 'performance': 'Good!'}
INFO:08/03/2021 10:19:54 AM 192.168.1.107 - - [03/Aug/2021 10:19:54] "[37mPOST /cue HTTP/1.1[0m" 200 -
INFO:08/03/2021 10:19:54 AM Formatting action: behaviour = 12, goal_level = 5, performance = None, name = Jonathan, shot = 1, hand = FH, stat = racketPreparation
INFO:08/03/2021 10:19:54 AM Displaying action Nice shot.  
INFO:08/03/2021 10:19:55 AM Received data from app: {'goal_level': '5', 'score': '0.40714037', 'performance': 'Very Low'}
INFO:08/03/2021 10:19:55 AM 192.168.1.107 - - [03/Aug/2021 10:19:55] "[37mPOST /cue HTTP/1.1[0m" 200 -
INFO:08/03/2021 10:19:55 AM Ended subgoal 5. New goal level = 4.
INFO:08/03/2021 10:19:56 AM Session time limit NOT reached, current duration = 0, session limit = 1.
INFO:08/03/2021 10:19:56 AM Created subgoal, new goal level = 5
INFO:08/03/2021 10:19:57 AM Formatting action: behaviour = 68, goal_level = 5, performance = None, name = Jonathan, shot = 1, hand = FH, stat = racketPreparation
INFO:08/03/2021 10:19:57 AM Ended subgoal 5. New goal level = 4.
INFO:08/03/2021 10:19:57 AM Received data from app: {'goal_level': '5', 'score': '0.09490101', 'performance': 'Very Low'}
INFO:08/03/2021 10:19:57 AM 192.168.1.107 - - [03/Aug/2021 10:19:57] "[37mPOST /cue HTTP/1.1[0m" 200 -
INFO:08/03/2021 10:19:57 AM Received data from app: {'goal_level': '4', 'score': '24%', 'performance': '4', 'tgtValue': '84%'}
INFO:08/03/2021 10:19:58 AM Session time limit NOT reached, current duration = 0, session limit = 1.
INFO:08/03/2021 10:19:58 AM 192.168.1.107 - - [03/Aug/2021 10:19:58] "[37mPOST /cue HTTP/1.1[0m" 200 -
INFO:08/03/2021 10:19:58 AM Received data from app: {'goal_level': '5', 'score': '0.42690238', 'performance': 'Very Low'}
INFO:08/03/2021 10:19:58 AM Action goal not expected, not using data.
INFO:08/03/2021 10:19:58 AM 192.168.1.107 - - [03/Aug/2021 10:19:58] "[37mPOST /cue HTTP/1.1[0m" 200 -
INFO:08/03/2021 10:20:00 AM Received data from app: {'goal_level': '5', 'score': '0.49804553', 'performance': 'Low'}
INFO:08/03/2021 10:20:00 AM Action goal not expected, not using data.
INFO:08/03/2021 10:20:00 AM 192.168.1.107 - - [03/Aug/2021 10:20:00] "[37mPOST /cue HTTP/1.1[0m" 200 -
INFO:08/03/2021 10:20:00 AM Shot set completed.
INFO:08/03/2021 10:20:00 AM Feedback for shot set, score = 24.0, target = 84.0, performance = 4
INFO:08/03/2021 10:20:01 AM Ended subgoal 4. New goal level = 3.
INFO:08/03/2021 10:20:02 AM Received data from app: {'goal_level': '5', 'score': '0.20161574', 'performance': 'Very Low'}
INFO:08/03/2021 10:20:02 AM Action goal not expected, not using data.
INFO:08/03/2021 10:20:02 AM 192.168.1.107 - - [03/Aug/2021 10:20:02] "[37mPOST /cue HTTP/1.1[0m" 200 -
INFO:08/03/2021 10:20:02 AM Session time limit NOT reached, current duration = 0, session limit = 1.
INFO:08/03/2021 10:20:02 AM Created subgoal, new goal level = 4
INFO:08/03/2021 10:20:02 AM Received data from app: {'goal_level': '5', 'score': '0.17790136', 'performance': 'Very Low'}
INFO:08/03/2021 10:20:02 AM Action goal not expected, not using data.
INFO:08/03/2021 10:20:02 AM 192.168.1.107 - - [03/Aug/2021 10:20:02] "[37mPOST /cue HTTP/1.1[0m" 200 -
INFO:08/03/2021 10:20:02 AM Formatting action: behaviour = 17, goal_level = 4, performance = None, name = Jonathan, shot = 1, hand = FH, stat = racketPreparation
INFO:08/03/2021 10:20:03 AM Displaying action OK, clear your mind. Because I only want you to focus on one thing in this final set. I want you to start the swing with your racket above the ball. Play another 30 forehand drives please.
INFO:08/03/2021 10:20:04 AM Created subgoal, new goal level = 5
INFO:08/03/2021 10:20:05 AM Session time limit NOT reached, current duration = 0, session limit = 1.
INFO:08/03/2021 10:20:06 AM Session time limit NOT reached, current duration = 0, session limit = 1.
INFO:08/03/2021 10:20:07 AM Session time limit NOT reached, current duration = 0, session limit = 1.
INFO:08/03/2021 10:20:08 AM Session time limit NOT reached, current duration = 0, session limit = 1.
INFO:08/03/2021 10:20:09 AM Session time limit NOT reached, current duration = 0, session limit = 1.
INFO:08/03/2021 10:20:10 AM Session time limit NOT reached, current duration = 0, session limit = 1.
INFO:08/03/2021 10:20:11 AM Session time limit NOT reached, current duration = 0, session limit = 1.
INFO:08/03/2021 10:20:12 AM Session time limit NOT reached, current duration = 0, session limit = 1.
INFO:08/03/2021 10:20:13 AM Session time limit NOT reached, current duration = 0, session limit = 1.
INFO:08/03/2021 10:20:14 AM Session time limit NOT reached, current duration = 0, session limit = 1.
INFO:08/03/2021 10:20:15 AM Session time limit NOT reached, current duration = 0, session limit = 1.
INFO:08/03/2021 10:20:16 AM Session time limit NOT reached, current duration = 0, session limit = 1.
INFO:08/03/2021 10:20:17 AM Session time limit NOT reached, current duration = 0, session limit = 1.
INFO:08/03/2021 10:20:18 AM Received data from app: {'goal_level': '5', 'score': '0.36761642', 'performance': 'Very Low'}
INFO:08/03/2021 10:20:18 AM 192.168.1.107 - - [03/Aug/2021 10:20:18] "[37mPOST /cue HTTP/1.1[0m" 200 -
INFO:08/03/2021 10:20:18 AM Session time limit NOT reached, current duration = 0, session limit = 1.
INFO:08/03/2021 10:20:19 AM Formatting action: behaviour = 12, goal_level = 5, performance = None, name = Jonathan, shot = 1, hand = FH, stat = racketPreparation
INFO:08/03/2021 10:20:19 AM Received data from app: {'goal_level': '5', 'score': '0.15023458', 'performance': 'Very Low'}
INFO:08/03/2021 10:20:19 AM 192.168.1.107 - - [03/Aug/2021 10:20:19] "[37mPOST /cue HTTP/1.1[0m" 200 -
INFO:08/03/2021 10:20:19 AM Displaying action Nice  
INFO:08/03/2021 10:20:20 AM Ended subgoal 5. New goal level = 4.
INFO:08/03/2021 10:20:21 AM Received data from app: {'goal_level': '5', 'score': '0.9209521', 'performance': 'Good!'}
INFO:08/03/2021 10:20:21 AM 192.168.1.107 - - [03/Aug/2021 10:20:21] "[37mPOST /cue HTTP/1.1[0m" 200 -
INFO:08/03/2021 10:20:21 AM Session time limit NOT reached, current duration = 0, session limit = 1.
INFO:08/03/2021 10:20:21 AM Created subgoal, new goal level = 5
INFO:08/03/2021 10:20:22 AM Formatting action: behaviour = 12, goal_level = 5, performance = None, name = Jonathan, shot = 1, hand = FH, stat = racketPreparation
INFO:08/03/2021 10:20:22 AM Displaying action Good  
INFO:08/03/2021 10:20:22 AM Received data from app: {'goal_level': '5', 'score': '0.07118663', 'performance': 'Very Low'}
INFO:08/03/2021 10:20:22 AM 192.168.1.107 - - [03/Aug/2021 10:20:22] "[37mPOST /cue HTTP/1.1[0m" 200 -
INFO:08/03/2021 10:20:23 AM Ended subgoal 5. New goal level = 4.
INFO:08/03/2021 10:20:24 AM Session time limit NOT reached, current duration = 0, session limit = 1.
INFO:08/03/2021 10:20:24 AM Created subgoal, new goal level = 5
INFO:08/03/2021 10:20:24 AM Formatting action: behaviour = 12, goal_level = 5, performance = None, name = Jonathan, shot = 1, hand = FH, stat = racketPreparation
INFO:08/03/2021 10:20:24 AM Displaying action Good  
INFO:08/03/2021 10:20:25 AM Ended subgoal 5. New goal level = 4.
INFO:08/03/2021 10:20:25 AM Received data from app: {'goal_level': '5', 'score': '0.97628564', 'performance': 'Over'}
INFO:08/03/2021 10:20:25 AM 192.168.1.107 - - [03/Aug/2021 10:20:25] "[37mPOST /cue HTTP/1.1[0m" 200 -
INFO:08/03/2021 10:20:26 AM Received data from app: {'goal_level': '5', 'score': '0.7747134', 'performance': 'Good!'}
INFO:08/03/2021 10:20:26 AM 192.168.1.107 - - [03/Aug/2021 10:20:26] "[37mPOST /cue HTTP/1.1[0m" 200 -
INFO:08/03/2021 10:20:26 AM Session time limit NOT reached, current duration = 0, session limit = 1.
INFO:08/03/2021 10:20:26 AM Created subgoal, new goal level = 5
INFO:08/03/2021 10:20:27 AM Formatting action: behaviour = 12, goal_level = 5, performance = None, name = Jonathan, shot = 1, hand = FH, stat = racketPreparation
INFO:08/03/2021 10:20:27 AM Displaying action Nice shot.  
INFO:08/03/2021 10:20:28 AM Received data from app: {'goal_level': '5', 'score': '0.011900669', 'performance': 'Very Low'}
INFO:08/03/2021 10:20:28 AM 192.168.1.107 - - [03/Aug/2021 10:20:28] "[37mPOST /cue HTTP/1.1[0m" 200 -
INFO:08/03/2021 10:20:28 AM Ended subgoal 5. New goal level = 4.
INFO:08/03/2021 10:20:29 AM Session time limit NOT reached, current duration = 0, session limit = 1.
INFO:08/03/2021 10:20:29 AM Created subgoal, new goal level = 5
INFO:08/03/2021 10:20:29 AM Received data from app: {'goal_level': '5', 'score': '0.34390202', 'performance': 'Very Low'}
INFO:08/03/2021 10:20:29 AM 192.168.1.107 - - [03/Aug/2021 10:20:29] "[37mPOST /cue HTTP/1.1[0m" 200 -
INFO:08/03/2021 10:20:29 AM Formatting action: behaviour = 12, goal_level = 5, performance = None, name = Jonathan, shot = 1, hand = FH, stat = racketPreparation
INFO:08/03/2021 10:20:30 AM Displaying action Top work  
INFO:08/03/2021 10:20:31 AM Ended subgoal 5. New goal level = 4.
INFO:08/03/2021 10:20:31 AM Received data from app: {'goal_level': '5', 'score': '0.3913308', 'performance': 'Very Low'}
INFO:08/03/2021 10:20:31 AM 192.168.1.107 - - [03/Aug/2021 10:20:31] "[37mPOST /cue HTTP/1.1[0m" 200 -
INFO:08/03/2021 10:20:32 AM Session time limit NOT reached, current duration = 0, session limit = 1.
INFO:08/03/2021 10:20:32 AM Created subgoal, new goal level = 5
INFO:08/03/2021 10:20:32 AM Formatting action: behaviour = 12, goal_level = 5, performance = None, name = Jonathan, shot = 1, hand = FH, stat = racketPreparation
INFO:08/03/2021 10:20:33 AM Displaying action Nice  
INFO:08/03/2021 10:20:34 AM Ended subgoal 5. New goal level = 4.
INFO:08/03/2021 10:20:35 AM Session time limit NOT reached, current duration = 0, session limit = 1.
INFO:08/03/2021 10:20:35 AM Created subgoal, new goal level = 5
INFO:08/03/2021 10:20:35 AM Received data from app: {'goal_level': '5', 'score': '0.9051425', 'performance': 'Good!'}
INFO:08/03/2021 10:20:35 AM 192.168.1.107 - - [03/Aug/2021 10:20:35] "[37mPOST /cue HTTP/1.1[0m" 200 -
INFO:08/03/2021 10:20:36 AM Session time limit NOT reached, current duration = 0, session limit = 1.
INFO:08/03/2021 10:20:36 AM Formatting action: behaviour = 68, goal_level = 5, performance = None, name = Jonathan, shot = 1, hand = FH, stat = racketPreparation
INFO:08/03/2021 10:20:36 AM Ended subgoal 5. New goal level = 4.
INFO:08/03/2021 10:20:37 AM Session time limit NOT reached, current duration = 0, session limit = 1.
INFO:08/03/2021 10:20:37 AM Created subgoal, new goal level = 5
INFO:08/03/2021 10:20:38 AM Received data from app: {'goal_level': '5', 'score': '0.031662654', 'performance': 'Very Low'}
INFO:08/03/2021 10:20:38 AM 192.168.1.107 - - [03/Aug/2021 10:20:38] "[37mPOST /cue HTTP/1.1[0m" 200 -
INFO:08/03/2021 10:20:38 AM Session time limit NOT reached, current duration = 0, session limit = 1.
INFO:08/03/2021 10:20:39 AM Formatting action: behaviour = 68, goal_level = 5, performance = None, name = Jonathan, shot = 1, hand = FH, stat = racketPreparation
INFO:08/03/2021 10:20:39 AM Ended subgoal 5. New goal level = 4.
INFO:08/03/2021 10:20:40 AM Session time limit NOT reached, current duration = 0, session limit = 1.
INFO:08/03/2021 10:20:40 AM Created subgoal, new goal level = 5
INFO:08/03/2021 10:20:40 AM Received data from app: {'goal_level': '5', 'score': '0.32414004', 'performance': 'Very Low'}
INFO:08/03/2021 10:20:40 AM 192.168.1.107 - - [03/Aug/2021 10:20:40] "[37mPOST /cue HTTP/1.1[0m" 200 -
INFO:08/03/2021 10:20:41 AM Session time limit NOT reached, current duration = 0, session limit = 1.
INFO:08/03/2021 10:20:41 AM Received data from app: {'goal_level': '5', 'score': '0.0', 'performance': 'Very Low'}
INFO:08/03/2021 10:20:41 AM 192.168.1.107 - - [03/Aug/2021 10:20:41] "[37mPOST /cue HTTP/1.1[0m" 200 -
INFO:08/03/2021 10:20:42 AM Formatting action: behaviour = 68, goal_level = 5, performance = None, name = Jonathan, shot = 1, hand = FH, stat = racketPreparation
INFO:08/03/2021 10:20:42 AM Ended subgoal 5. New goal level = 4.
INFO:08/03/2021 10:20:43 AM Session time limit NOT reached, current duration = 0, session limit = 1.
INFO:08/03/2021 10:20:43 AM Created subgoal, new goal level = 5
INFO:08/03/2021 10:20:43 AM Received data from app: {'goal_level': '5', 'score': '0.6798558', 'performance': 'Under'}
INFO:08/03/2021 10:20:43 AM 192.168.1.107 - - [03/Aug/2021 10:20:43] "[37mPOST /cue HTTP/1.1[0m" 200 -
INFO:08/03/2021 10:20:43 AM Formatting action: behaviour = 68, goal_level = 5, performance = None, name = Jonathan, shot = 1, hand = FH, stat = racketPreparation
INFO:08/03/2021 10:20:43 AM Ended subgoal 5. New goal level = 4.
INFO:08/03/2021 10:20:44 AM Session time limit NOT reached, current duration = 0, session limit = 1.
INFO:08/03/2021 10:20:44 AM Created subgoal, new goal level = 5
INFO:08/03/2021 10:20:45 AM Received data from app: {'goal_level': '5', 'score': '0.5731411', 'performance': 'Low'}
INFO:08/03/2021 10:20:45 AM 192.168.1.107 - - [03/Aug/2021 10:20:45] "[37mPOST /cue HTTP/1.1[0m" 200 -
INFO:08/03/2021 10:20:45 AM Formatting action: behaviour = 12, goal_level = 5, performance = None, name = Jonathan, shot = 1, hand = FH, stat = racketPreparation
INFO:08/03/2021 10:20:45 AM Displaying action Good  
INFO:08/03/2021 10:20:46 AM Ended subgoal 5. New goal level = 4.
INFO:08/03/2021 10:20:47 AM Session time limit NOT reached, current duration = 0, session limit = 1.
INFO:08/03/2021 10:20:47 AM Created subgoal, new goal level = 5
INFO:08/03/2021 10:20:47 AM Received data from app: {'goal_level': '5', 'score': '0.7391418', 'performance': 'Under'}
INFO:08/03/2021 10:20:47 AM 192.168.1.107 - - [03/Aug/2021 10:20:47] "[37mPOST /cue HTTP/1.1[0m" 200 -
INFO:08/03/2021 10:20:47 AM Formatting action: behaviour = 68, goal_level = 5, performance = None, name = Jonathan, shot = 1, hand = FH, stat = racketPreparation
INFO:08/03/2021 10:20:47 AM Ended subgoal 5. New goal level = 4.
INFO:08/03/2021 10:20:48 AM Session time limit NOT reached, current duration = 0, session limit = 1.
INFO:08/03/2021 10:20:48 AM Created subgoal, new goal level = 5
INFO:08/03/2021 10:20:49 AM Formatting action: behaviour = 68, goal_level = 5, performance = None, name = Jonathan, shot = 1, hand = FH, stat = racketPreparation
INFO:08/03/2021 10:20:49 AM Ended subgoal 5. New goal level = 4.
INFO:08/03/2021 10:20:50 AM Received data from app: {'goal_level': '5', 'score': '0.9841904', 'performance': 'Over'}
INFO:08/03/2021 10:20:50 AM 192.168.1.107 - - [03/Aug/2021 10:20:50] "[37mPOST /cue HTTP/1.1[0m" 200 -
INFO:08/03/2021 10:20:50 AM Session time limit NOT reached, current duration = 0, session limit = 1.
INFO:08/03/2021 10:20:50 AM Created subgoal, new goal level = 5
INFO:08/03/2021 10:20:51 AM Formatting action: behaviour = 12, goal_level = 5, performance = None, name = Jonathan, shot = 1, hand = FH, stat = racketPreparation
INFO:08/03/2021 10:20:51 AM Displaying action Top work  
INFO:08/03/2021 10:20:52 AM Ended subgoal 5. New goal level = 4.
INFO:08/03/2021 10:20:52 AM Received data from app: {'goal_level': '5', 'score': '0.07118663', 'performance': 'Very Low'}
INFO:08/03/2021 10:20:52 AM 192.168.1.107 - - [03/Aug/2021 10:20:52] "[37mPOST /cue HTTP/1.1[0m" 200 -
INFO:08/03/2021 10:20:53 AM Session time limit NOT reached, current duration = 0, session limit = 1.
INFO:08/03/2021 10:20:53 AM Created subgoal, new goal level = 5
INFO:08/03/2021 10:20:54 AM Formatting action: behaviour = 68, goal_level = 5, performance = None, name = Jonathan, shot = 1, hand = FH, stat = racketPreparation
INFO:08/03/2021 10:20:54 AM Ended subgoal 5. New goal level = 4.
INFO:08/03/2021 10:20:54 AM Received data from app: {'goal_level': '5', 'score': '0.2648541', 'performance': 'Very Low'}
INFO:08/03/2021 10:20:54 AM 192.168.1.107 - - [03/Aug/2021 10:20:54] "[37mPOST /cue HTTP/1.1[0m" 200 -
INFO:08/03/2021 10:20:55 AM Session time limit NOT reached, current duration = 0, session limit = 1.
INFO:08/03/2021 10:20:55 AM Created subgoal, new goal level = 5
INFO:08/03/2021 10:20:55 AM Formatting action: behaviour = 68, goal_level = 5, performance = None, name = Jonathan, shot = 1, hand = FH, stat = racketPreparation
INFO:08/03/2021 10:20:55 AM Ended subgoal 5. New goal level = 4.
INFO:08/03/2021 10:20:56 AM Received data from app: {'goal_level': '5', 'score': '0.56523633', 'performance': 'Low'}
INFO:08/03/2021 10:20:56 AM 192.168.1.107 - - [03/Aug/2021 10:20:56] "[37mPOST /cue HTTP/1.1[0m" 200 -
INFO:08/03/2021 10:20:56 AM Session time limit NOT reached, current duration = 0, session limit = 1.
INFO:08/03/2021 10:20:56 AM Created subgoal, new goal level = 5
INFO:08/03/2021 10:20:57 AM Formatting action: behaviour = 12, goal_level = 5, performance = None, name = Jonathan, shot = 1, hand = FH, stat = racketPreparation
INFO:08/03/2021 10:20:57 AM Displaying action Nice shot.  
INFO:08/03/2021 10:20:58 AM Received data from app: {'goal_level': '5', 'score': '0.29647326', 'performance': 'Very Low'}
INFO:08/03/2021 10:20:58 AM 192.168.1.107 - - [03/Aug/2021 10:20:58] "[37mPOST /cue HTTP/1.1[0m" 200 -
INFO:08/03/2021 10:20:58 AM Ended subgoal 5. New goal level = 4.
INFO:08/03/2021 10:20:59 AM Session time limit NOT reached, current duration = 0, session limit = 1.
INFO:08/03/2021 10:20:59 AM Created subgoal, new goal level = 5
INFO:08/03/2021 10:20:59 AM Received data from app: {'goal_level': '5', 'score': '0.4189976', 'performance': 'Very Low'}
INFO:08/03/2021 10:20:59 AM 192.168.1.107 - - [03/Aug/2021 10:20:59] "[37mPOST /cue HTTP/1.1[0m" 200 -
INFO:08/03/2021 10:21:00 AM Formatting action: behaviour = 68, goal_level = 5, performance = None, name = Jonathan, shot = 1, hand = FH, stat = racketPreparation
INFO:08/03/2021 10:21:00 AM Ended subgoal 5. New goal level = 4.
INFO:08/03/2021 10:21:01 AM Session time limit NOT reached, current duration = 0, session limit = 1.
INFO:08/03/2021 10:21:01 AM Created subgoal, new goal level = 5
INFO:08/03/2021 10:21:01 AM Formatting action: behaviour = 68, goal_level = 5, performance = None, name = Jonathan, shot = 1, hand = FH, stat = racketPreparation
INFO:08/03/2021 10:21:01 AM Ended subgoal 5. New goal level = 4.
INFO:08/03/2021 10:21:02 AM Session time limit NOT reached, current duration = 0, session limit = 1.
INFO:08/03/2021 10:21:02 AM Created subgoal, new goal level = 5
INFO:08/03/2021 10:21:03 AM Session time limit NOT reached, current duration = 0, session limit = 1.
INFO:08/03/2021 10:21:04 AM Received data from app: {'goal_level': '5', 'score': '0.6482367', 'performance': 'Under'}
INFO:08/03/2021 10:21:04 AM 192.168.1.107 - - [03/Aug/2021 10:21:04] "[37mPOST /cue HTTP/1.1[0m" 200 -
INFO:08/03/2021 10:21:04 AM Received data from app: {'goal_level': '5', 'score': '0.7589038', 'performance': 'Good!'}
INFO:08/03/2021 10:21:04 AM 192.168.1.107 - - [03/Aug/2021 10:21:04] "[37mPOST /cue HTTP/1.1[0m" 200 -
INFO:08/03/2021 10:21:04 AM Session time limit NOT reached, current duration = 0, session limit = 1.
INFO:08/03/2021 10:21:05 AM Formatting action: behaviour = 68, goal_level = 5, performance = None, name = Jonathan, shot = 1, hand = FH, stat = racketPreparation
INFO:08/03/2021 10:21:05 AM Ended subgoal 5. New goal level = 4.
INFO:08/03/2021 10:21:05 AM Received data from app: {'goal_level': '5', 'score': '0.18580616', 'performance': 'Very Low'}
INFO:08/03/2021 10:21:05 AM 192.168.1.107 - - [03/Aug/2021 10:21:05] "[37mPOST /cue HTTP/1.1[0m" 200 -
INFO:08/03/2021 10:21:06 AM Session time limit NOT reached, current duration = 0, session limit = 1.
INFO:08/03/2021 10:21:06 AM Created subgoal, new goal level = 5
INFO:08/03/2021 10:21:07 AM Formatting action: behaviour = 68, goal_level = 5, performance = None, name = Jonathan, shot = 1, hand = FH, stat = racketPreparation
INFO:08/03/2021 10:21:07 AM Ended subgoal 5. New goal level = 4.
INFO:08/03/2021 10:21:08 AM Received data from app: {'goal_level': '5', 'score': '0.31623524', 'performance': 'Very Low'}
INFO:08/03/2021 10:21:08 AM 192.168.1.107 - - [03/Aug/2021 10:21:08] "[37mPOST /cue HTTP/1.1[0m" 200 -
INFO:08/03/2021 10:21:08 AM Session time limit NOT reached, current duration = 0, session limit = 1.
INFO:08/03/2021 10:21:08 AM Created subgoal, new goal level = 5
INFO:08/03/2021 10:21:08 AM Formatting action: behaviour = 12, goal_level = 5, performance = None, name = Jonathan, shot = 1, hand = FH, stat = racketPreparation
INFO:08/03/2021 10:21:08 AM Displaying action Nice  
INFO:08/03/2021 10:21:09 AM Received data from app: {'goal_level': '5', 'score': '0.6087127', 'performance': 'Low'}
INFO:08/03/2021 10:21:09 AM 192.168.1.107 - - [03/Aug/2021 10:21:09] "[37mPOST /cue HTTP/1.1[0m" 200 -
INFO:08/03/2021 10:21:09 AM Ended subgoal 5. New goal level = 4.
INFO:08/03/2021 10:21:10 AM Session time limit NOT reached, current duration = 0, session limit = 1.
INFO:08/03/2021 10:21:10 AM Created subgoal, new goal level = 5
INFO:08/03/2021 10:21:10 AM Received data from app: {'goal_level': '5', 'score': '0.18975855', 'performance': 'Very Low'}
INFO:08/03/2021 10:21:10 AM 192.168.1.107 - - [03/Aug/2021 10:21:10] "[37mPOST /cue HTTP/1.1[0m" 200 -
INFO:08/03/2021 10:21:11 AM Formatting action: behaviour = 68, goal_level = 5, performance = None, name = Jonathan, shot = 1, hand = FH, stat = racketPreparation
INFO:08/03/2021 10:21:11 AM Ended subgoal 5. New goal level = 4.
INFO:08/03/2021 10:21:12 AM Received data from app: {'goal_level': '5', 'score': '0.23718731', 'performance': 'Very Low'}
INFO:08/03/2021 10:21:12 AM 192.168.1.107 - - [03/Aug/2021 10:21:12] "[37mPOST /cue HTTP/1.1[0m" 200 -
INFO:08/03/2021 10:21:12 AM Session time limit NOT reached, current duration = 0, session limit = 1.
INFO:08/03/2021 10:21:12 AM Created subgoal, new goal level = 5
INFO:08/03/2021 10:21:13 AM Formatting action: behaviour = 12, goal_level = 5, performance = None, name = Jonathan, shot = 1, hand = FH, stat = racketPreparation
INFO:08/03/2021 10:21:13 AM Displaying action Nice  
INFO:08/03/2021 10:21:14 AM Received data from app: {'goal_level': '5', 'score': '0.118615404', 'performance': 'Very Low'}
INFO:08/03/2021 10:21:14 AM 192.168.1.107 - - [03/Aug/2021 10:21:14] "[37mPOST /cue HTTP/1.1[0m" 200 -
INFO:08/03/2021 10:21:14 AM Ended subgoal 5. New goal level = 4.
INFO:08/03/2021 10:21:15 AM Session time limit NOT reached, current duration = 0, session limit = 1.
INFO:08/03/2021 10:21:17 AM Shot set completed.
INFO:08/03/2021 10:21:18 AM Session time limit NOT reached, current duration = 0, session limit = 1.
INFO:08/03/2021 10:21:19 AM Session time limit NOT reached, current duration = 0, session limit = 1.
INFO:08/03/2021 10:21:20 AM Session time limit NOT reached, current duration = 0, session limit = 1.
INFO:08/03/2021 10:21:21 AM Session time limit NOT reached, current duration = 0, session limit = 1.
INFO:08/03/2021 10:21:22 AM Session time limit NOT reached, current duration = 0, session limit = 1.
INFO:08/03/2021 10:21:23 AM Session time limit NOT reached, current duration = 0, session limit = 1.
INFO:08/03/2021 10:21:24 AM Session time limit NOT reached, current duration = 0, session limit = 1.
INFO:08/03/2021 10:21:25 AM Session time limit NOT reached, current duration = 0, session limit = 1.
INFO:08/03/2021 10:21:26 AM Session time limit NOT reached, current duration = 0, session limit = 1.
INFO:08/03/2021 10:21:28 AM Session time limit NOT reached, current duration = 0, session limit = 1.
INFO:08/03/2021 10:21:29 AM Session time limit NOT reached, current duration = 0, session limit = 1.
INFO:08/03/2021 10:21:30 AM Session time limit NOT reached, current duration = 0, session limit = 1.
INFO:08/03/2021 10:21:31 AM Session time limit NOT reached, current duration = 0, session limit = 1.
